{"/Users/tim/smartmymeal/CascadeProjects/templator/backend/src/app.ts": {"path":"/Users/tim/smartmymeal/CascadeProjects/templator/backend/src/app.ts","statementMap":{"0":{"start":{"line":9,"column":0},"end":{"line":9,"column":16}},"1":{"start":{"line":1,"column":0},"end":{"line":1,"column":30}},"2":{"start":{"line":2,"column":0},"end":{"line":2,"column":24}},"3":{"start":{"line":3,"column":0},"end":{"line":3,"column":28}},"4":{"start":{"line":4,"column":0},"end":{"line":4,"column":57}},"5":{"start":{"line":5,"column":0},"end":{"line":5,"column":37}},"6":{"start":{"line":6,"column":0},"end":{"line":6,"column":67}},"7":{"start":{"line":7,"column":0},"end":{"line":7,"column":51}},"8":{"start":{"line":10,"column":14},"end":{"line":10,"column":23}},"9":{"start":{"line":13,"column":2},"end":{"line":27,"column":6}},"10":{"start":{"line":30,"column":2},"end":{"line":35,"column":6}},"11":{"start":{"line":38,"column":2},"end":{"line":38,"column":43}},"12":{"start":{"line":39,"column":2},"end":{"line":39,"column":65}},"13":{"start":{"line":42,"column":2},"end":{"line":48,"column":5}},"14":{"start":{"line":43,"column":4},"end":{"line":47,"column":7}},"15":{"start":{"line":51,"column":2},"end":{"line":51,"column":29}},"16":{"start":{"line":52,"column":2},"end":{"line":52,"column":48}},"17":{"start":{"line":53,"column":2},"end":{"line":53,"column":47}},"18":{"start":{"line":56,"column":2},"end":{"line":64,"column":5}},"19":{"start":{"line":57,"column":4},"end":{"line":63,"column":7}},"20":{"start":{"line":67,"column":2},"end":{"line":67,"column":24}},"21":{"start":{"line":69,"column":2},"end":{"line":69,"column":13}}},"fnMap":{"0":{"name":"createApp","decl":{"start":{"line":9,"column":16},"end":{"line":9,"column":25}},"loc":{"start":{"line":9,"column":25},"end":{"line":70,"column":1}}},"1":{"name":"(anonymous_2)","decl":{"start":{"line":42,"column":21},"end":{"line":42,"column":22}},"loc":{"start":{"line":42,"column":34},"end":{"line":48,"column":3}}},"2":{"name":"(anonymous_3)","decl":{"start":{"line":56,"column":15},"end":{"line":56,"column":16}},"loc":{"start":{"line":56,"column":28},"end":{"line":64,"column":3}}}},"branchMap":{"0":{"loc":{"start":{"line":31,"column":12},"end":{"line":33,"column":83}},"type":"cond-expr","locations":[{"start":{"line":32,"column":8},"end":{"line":32,"column":35}},{"start":{"line":33,"column":8},"end":{"line":33,"column":83}}]},"1":{"loc":{"start":{"line":46,"column":19},"end":{"line":46,"column":56}},"type":"binary-expr","locations":[{"start":{"line":46,"column":19},"end":{"line":46,"column":39}},{"start":{"line":46,"column":43},"end":{"line":46,"column":56}}]}},"s":{"0":2,"1":2,"2":2,"3":2,"4":2,"5":2,"6":2,"7":2,"8":2,"9":2,"10":2,"11":2,"12":2,"13":2,"14":0,"15":2,"16":2,"17":2,"18":2,"19":2,"20":2,"21":2},"f":{"0":2,"1":0,"2":2},"b":{"0":[0,2],"1":[0,0]}}
,"/Users/tim/smartmymeal/CascadeProjects/templator/backend/src/controllers/designController.ts": {"path":"/Users/tim/smartmymeal/CascadeProjects/templator/backend/src/controllers/designController.ts","statementMap":{"0":{"start":{"line":2,"column":0},"end":{"line":2,"column":28}},"1":{"start":{"line":3,"column":0},"end":{"line":3,"column":26}},"2":{"start":{"line":4,"column":0},"end":{"line":4,"column":57}},"3":{"start":{"line":5,"column":0},"end":{"line":5,"column":74}},"4":{"start":{"line":6,"column":0},"end":{"line":6,"column":47}},"5":{"start":{"line":8,"column":15},"end":{"line":8,"column":29}},"6":{"start":{"line":11,"column":15},"end":{"line":37,"column":2}},"7":{"start":{"line":18,"column":25},"end":{"line":25,"column":6}},"8":{"start":{"line":27,"column":4},"end":{"line":35,"column":5}},"9":{"start":{"line":28,"column":6},"end":{"line":28,"column":21}},"10":{"start":{"line":30,"column":6},"end":{"line":34,"column":9}},"11":{"start":{"line":39,"column":13},"end":{"line":39,"column":52}},"12":{"start":{"line":44,"column":35},"end":{"line":106,"column":1}},"13":{"start":{"line":49,"column":2},"end":{"line":105,"column":3}},"14":{"start":{"line":50,"column":4},"end":{"line":52,"column":5}},"15":{"start":{"line":51,"column":6},"end":{"line":51,"column":66}},"16":{"start":{"line":54,"column":47},"end":{"line":54,"column":55}},"17":{"start":{"line":55,"column":4},"end":{"line":55,"column":73}},"18":{"start":{"line":60,"column":4},"end":{"line":79,"column":5}},"19":{"start":{"line":63,"column":6},"end":{"line":67,"column":8}},"20":{"start":{"line":70,"column":29},"end":{"line":76,"column":19}},"21":{"start":{"line":78,"column":6},"end":{"line":78,"column":54}},"22":{"start":{"line":82,"column":37},"end":{"line":84,"column":null}},"23":{"start":{"line":88,"column":4},"end":{"line":101,"column":7}},"24":{"start":{"line":104,"column":4},"end":{"line":104,"column":16}},"25":{"start":{"line":44,"column":13},"end":{"line":44,"column":35}},"26":{"start":{"line":111,"column":26},"end":{"line":138,"column":1}},"27":{"start":{"line":116,"column":2},"end":{"line":137,"column":3}},"28":{"start":{"line":117,"column":35},"end":{"line":117,"column":43}},"29":{"start":{"line":119,"column":4},"end":{"line":121,"column":5}},"30":{"start":{"line":120,"column":6},"end":{"line":120,"column":71}},"31":{"start":{"line":123,"column":24},"end":{"line":123,"column":74}},"32":{"start":{"line":125,"column":4},"end":{"line":133,"column":7}},"33":{"start":{"line":136,"column":4},"end":{"line":136,"column":16}},"34":{"start":{"line":111,"column":13},"end":{"line":111,"column":26}},"35":{"start":{"line":143,"column":37},"end":{"line":181,"column":1}},"36":{"start":{"line":147,"column":2},"end":{"line":180,"column":5}},"37":{"start":{"line":143,"column":13},"end":{"line":143,"column":37}}},"fnMap":{"0":{"name":"(anonymous_1)","decl":{"start":{"line":16,"column":14},"end":{"line":16,"column":15}},"loc":{"start":{"line":16,"column":32},"end":{"line":36,"column":3}}},"1":{"name":"(anonymous_2)","decl":{"start":{"line":44,"column":35},"end":{"line":44,"column":40}},"loc":{"start":{"line":48,"column":19},"end":{"line":106,"column":1}}},"2":{"name":"(anonymous_3)","decl":{"start":{"line":111,"column":26},"end":{"line":111,"column":31}},"loc":{"start":{"line":115,"column":19},"end":{"line":138,"column":1}}},"3":{"name":"(anonymous_4)","decl":{"start":{"line":143,"column":37},"end":{"line":143,"column":null}},"loc":{"start":{"line":146,"column":10},"end":{"line":181,"column":1}}}},"branchMap":{"0":{"loc":{"start":{"line":27,"column":4},"end":{"line":35,"column":5}},"type":"if","locations":[{"start":{"line":27,"column":4},"end":{"line":35,"column":5}},{"start":{"line":29,"column":11},"end":{"line":35,"column":5}}]},"1":{"loc":{"start":{"line":50,"column":4},"end":{"line":52,"column":5}},"type":"if","locations":[{"start":{"line":50,"column":4},"end":{"line":52,"column":5}}]},"2":{"loc":{"start":{"line":60,"column":4},"end":{"line":79,"column":5}},"type":"if","locations":[{"start":{"line":60,"column":4},"end":{"line":79,"column":5}},{"start":{"line":68,"column":11},"end":{"line":79,"column":5}}]},"3":{"loc":{"start":{"line":119,"column":4},"end":{"line":121,"column":5}},"type":"if","locations":[{"start":{"line":119,"column":4},"end":{"line":121,"column":5}}]},"4":{"loc":{"start":{"line":130,"column":22},"end":{"line":130,"column":42}},"type":"binary-expr","locations":[{"start":{"line":130,"column":22},"end":{"line":130,"column":34}},{"start":{"line":130,"column":38},"end":{"line":130,"column":42}}]}},"s":{"0":4,"1":4,"2":4,"3":4,"4":4,"5":4,"6":4,"7":19,"8":19,"9":17,"10":2,"11":4,"12":4,"13":16,"14":16,"15":1,"16":15,"17":15,"18":15,"19":1,"20":14,"21":0,"22":0,"23":0,"24":16,"25":4,"26":4,"27":7,"28":7,"29":7,"30":1,"31":6,"32":3,"33":4,"34":4,"35":4,"36":2,"37":4},"f":{"0":19,"1":16,"2":7,"3":2},"b":{"0":[17,2],"1":[1],"2":[1,14],"3":[1],"4":[3,1]}}
,"/Users/tim/smartmymeal/CascadeProjects/templator/backend/src/middleware/errorHandler.ts": {"path":"/Users/tim/smartmymeal/CascadeProjects/templator/backend/src/middleware/errorHandler.ts","statementMap":{"0":{"start":{"line":2,"column":0},"end":{"line":2,"column":47}},"1":{"start":{"line":5,"column":15},"end":{"line":5,"column":29}},"2":{"start":{"line":14,"column":28},"end":{"line":43,"column":1}},"3":{"start":{"line":21,"column":2},"end":{"line":28,"column":5}},"4":{"start":{"line":31,"column":21},"end":{"line":31,"column":42}},"5":{"start":{"line":32,"column":20},"end":{"line":32,"column":48}},"6":{"start":{"line":34,"column":24},"end":{"line":40,"column":4}},"7":{"start":{"line":42,"column":2},"end":{"line":42,"column":45}},"8":{"start":{"line":14,"column":13},"end":{"line":14,"column":28}},"9":{"start":{"line":45,"column":27},"end":{"line":58,"column":1}},"10":{"start":{"line":52,"column":16},"end":{"line":52,"column":46}},"11":{"start":{"line":53,"column":2},"end":{"line":53,"column":32}},"12":{"start":{"line":54,"column":2},"end":{"line":54,"column":20}},"13":{"start":{"line":55,"column":2},"end":{"line":55,"column":26}},"14":{"start":{"line":56,"column":2},"end":{"line":56,"column":32}},"15":{"start":{"line":57,"column":2},"end":{"line":57,"column":15}},"16":{"start":{"line":45,"column":13},"end":{"line":45,"column":27}}},"fnMap":{"0":{"name":"(anonymous_0)","decl":{"start":{"line":14,"column":28},"end":{"line":14,"column":null}},"loc":{"start":{"line":19,"column":4},"end":{"line":43,"column":1}}},"1":{"name":"(anonymous_1)","decl":{"start":{"line":45,"column":27},"end":{"line":45,"column":null}},"loc":{"start":{"line":51,"column":14},"end":{"line":58,"column":1}}}},"branchMap":{"0":{"loc":{"start":{"line":31,"column":21},"end":{"line":31,"column":42}},"type":"binary-expr","locations":[{"start":{"line":31,"column":21},"end":{"line":31,"column":35}},{"start":{"line":31,"column":39},"end":{"line":31,"column":42}}]},"1":{"loc":{"start":{"line":32,"column":20},"end":{"line":32,"column":48}},"type":"binary-expr","locations":[{"start":{"line":32,"column":20},"end":{"line":32,"column":28}},{"start":{"line":32,"column":32},"end":{"line":32,"column":48}}]},"2":{"loc":{"start":{"line":36,"column":11},"end":{"line":36,"column":49}},"type":"binary-expr","locations":[{"start":{"line":36,"column":11},"end":{"line":36,"column":22}},{"start":{"line":36,"column":26},"end":{"line":36,"column":49}}]},"3":{"loc":{"start":{"line":38,"column":13},"end":{"line":38,"column":77}},"type":"cond-expr","locations":[{"start":{"line":38,"column":54},"end":{"line":38,"column":65}},{"start":{"line":38,"column":68},"end":{"line":38,"column":77}}]},"4":{"loc":{"start":{"line":47,"column":2},"end":{"line":47,"column":26}},"type":"default-arg","locations":[{"start":{"line":47,"column":23},"end":{"line":47,"column":26}}]},"5":{"loc":{"start":{"line":48,"column":2},"end":{"line":48,"column":48}},"type":"default-arg","locations":[{"start":{"line":48,"column":32},"end":{"line":48,"column":48}}]}},"s":{"0":5,"1":5,"2":5,"3":16,"4":16,"5":16,"6":16,"7":16,"8":5,"9":5,"10":21,"11":21,"12":21,"13":21,"14":21,"15":21,"16":5},"f":{"0":16,"1":21},"b":{"0":[16,6],"1":[16,5],"2":[16,0],"3":[0,16],"4":[0],"5":[0]}}
,"/Users/tim/smartmymeal/CascadeProjects/templator/backend/src/middleware/validation.ts": {"path":"/Users/tim/smartmymeal/CascadeProjects/templator/backend/src/middleware/validation.ts","statementMap":{"0":{"start":{"line":2,"column":0},"end":{"line":2,"column":22}},"1":{"start":{"line":3,"column":0},"end":{"line":3,"column":45}},"2":{"start":{"line":5,"column":31},"end":{"line":22,"column":1}},"3":{"start":{"line":6,"column":2},"end":{"line":21,"column":4}},"4":{"start":{"line":7,"column":22},"end":{"line":7,"column":47}},"5":{"start":{"line":9,"column":4},"end":{"line":18,"column":5}},"6":{"start":{"line":10,"column":22},"end":{"line":10,"column":76}},"7":{"start":{"line":10,"column":50},"end":{"line":10,"column":64}},"8":{"start":{"line":11,"column":6},"end":{"line":17,"column":8}},"9":{"start":{"line":20,"column":4},"end":{"line":20,"column":11}},"10":{"start":{"line":5,"column":13},"end":{"line":5,"column":31}},"11":{"start":{"line":25,"column":13},"end":{"line":28,"column":3}},"12":{"start":{"line":30,"column":13},"end":{"line":40,"column":3}},"13":{"start":{"line":42,"column":13},"end":{"line":45,"column":3}}},"fnMap":{"0":{"name":"(anonymous_1)","decl":{"start":{"line":5,"column":31},"end":{"line":5,"column":32}},"loc":{"start":{"line":5,"column":60},"end":{"line":22,"column":1}}},"1":{"name":"(anonymous_2)","decl":{"start":{"line":6,"column":9},"end":{"line":6,"column":10}},"loc":{"start":{"line":6,"column":61},"end":{"line":21,"column":3}}},"2":{"name":"(anonymous_3)","decl":{"start":{"line":10,"column":40},"end":{"line":10,"column":46}},"loc":{"start":{"line":10,"column":50},"end":{"line":10,"column":64}}}},"branchMap":{"0":{"loc":{"start":{"line":9,"column":4},"end":{"line":18,"column":5}},"type":"if","locations":[{"start":{"line":9,"column":4},"end":{"line":18,"column":5}}]}},"s":{"0":3,"1":3,"2":3,"3":12,"4":9,"5":9,"6":2,"7":2,"8":2,"9":7,"10":3,"11":3,"12":3,"13":3},"f":{"0":12,"1":9,"2":2},"b":{"0":[2]}}
,"/Users/tim/smartmymeal/CascadeProjects/templator/backend/src/middleware/zodValidation.ts": {"path":"/Users/tim/smartmymeal/CascadeProjects/templator/backend/src/middleware/zodValidation.ts","statementMap":{"0":{"start":{"line":2,"column":0},"end":{"line":2,"column":42}},"1":{"start":{"line":3,"column":0},"end":{"line":3,"column":45}},"2":{"start":{"line":5,"column":34},"end":{"line":24,"column":1}},"3":{"start":{"line":6,"column":2},"end":{"line":23,"column":4}},"4":{"start":{"line":7,"column":4},"end":{"line":22,"column":5}},"5":{"start":{"line":8,"column":6},"end":{"line":8,"column":29}},"6":{"start":{"line":9,"column":6},"end":{"line":9,"column":13}},"7":{"start":{"line":11,"column":6},"end":{"line":20,"column":7}},"8":{"start":{"line":12,"column":24},"end":{"line":12,"column":99}},"9":{"start":{"line":12,"column":48},"end":{"line":12,"column":87}},"10":{"start":{"line":13,"column":8},"end":{"line":19,"column":10}},"11":{"start":{"line":21,"column":6},"end":{"line":21,"column":18}},"12":{"start":{"line":5,"column":13},"end":{"line":5,"column":34}}},"fnMap":{"0":{"name":"(anonymous_0)","decl":{"start":{"line":5,"column":34},"end":{"line":5,"column":35}},"loc":{"start":{"line":5,"column":56},"end":{"line":24,"column":1}}},"1":{"name":"(anonymous_1)","decl":{"start":{"line":6,"column":9},"end":{"line":6,"column":10}},"loc":{"start":{"line":6,"column":61},"end":{"line":23,"column":3}}},"2":{"name":"(anonymous_2)","decl":{"start":{"line":12,"column":41},"end":{"line":12,"column":44}},"loc":{"start":{"line":12,"column":48},"end":{"line":12,"column":87}}}},"branchMap":{"0":{"loc":{"start":{"line":11,"column":6},"end":{"line":20,"column":7}},"type":"if","locations":[{"start":{"line":11,"column":6},"end":{"line":20,"column":7}}]}},"s":{"0":2,"1":2,"2":2,"3":6,"4":5,"5":5,"6":2,"7":3,"8":3,"9":3,"10":3,"11":0,"12":2},"f":{"0":6,"1":5,"2":3},"b":{"0":[3]}}
,"/Users/tim/smartmymeal/CascadeProjects/templator/backend/src/routes/api.ts": {"path":"/Users/tim/smartmymeal/CascadeProjects/templator/backend/src/routes/api.ts","statementMap":{"0":{"start":{"line":1,"column":0},"end":{"line":1,"column":33}},"1":{"start":{"line":2,"column":0},"end":{"line":2,"column":122}},"2":{"start":{"line":3,"column":0},"end":{"line":3,"column":58}},"3":{"start":{"line":4,"column":0},"end":{"line":4,"column":68}},"4":{"start":{"line":5,"column":0},"end":{"line":5,"column":72}},"5":{"start":{"line":6,"column":0},"end":{"line":6,"column":60}},"6":{"start":{"line":7,"column":0},"end":{"line":7,"column":57}},"7":{"start":{"line":8,"column":0},"end":{"line":8,"column":47}},"8":{"start":{"line":9,"column":0},"end":{"line":9,"column":36}},"9":{"start":{"line":10,"column":0},"end":{"line":10,"column":36}},"10":{"start":{"line":11,"column":0},"end":{"line":11,"column":32}},"11":{"start":{"line":13,"column":15},"end":{"line":13,"column":23}},"12":{"start":{"line":14,"column":15},"end":{"line":14,"column":29}},"13":{"start":{"line":17,"column":22},"end":{"line":17,"column":41}},"14":{"start":{"line":18,"column":27},"end":{"line":18,"column":51}},"15":{"start":{"line":19,"column":23},"end":{"line":19,"column":49}},"16":{"start":{"line":20,"column":23},"end":{"line":20,"column":43}},"17":{"start":{"line":23,"column":0},"end":{"line":26,"column":3}},"18":{"start":{"line":24,"column":2},"end":{"line":24,"column":45}},"19":{"start":{"line":25,"column":2},"end":{"line":25,"column":9}},"20":{"start":{"line":29,"column":0},"end":{"line":29,"column":36}},"21":{"start":{"line":32,"column":0},"end":{"line":32,"column":32}},"22":{"start":{"line":35,"column":0},"end":{"line":79,"column":3}},"23":{"start":{"line":36,"column":2},"end":{"line":78,"column":3}},"24":{"start":{"line":37,"column":37},"end":{"line":37,"column":45}},"25":{"start":{"line":38,"column":26},"end":{"line":38,"column":67}},"26":{"start":{"line":40,"column":4},"end":{"line":44,"column":7}},"27":{"start":{"line":46,"column":22},"end":{"line":46,"column":32}},"28":{"start":{"line":49,"column":27},"end":{"line":49,"column":86}},"29":{"start":{"line":52,"column":27},"end":{"line":52,"column":80}},"30":{"start":{"line":54,"column":21},"end":{"line":54,"column":43}},"31":{"start":{"line":56,"column":4},"end":{"line":60,"column":7}},"32":{"start":{"line":62,"column":4},"end":{"line":70,"column":5}},"33":{"start":{"line":63,"column":6},"end":{"line":69,"column":8}},"34":{"start":{"line":72,"column":4},"end":{"line":75,"column":7}},"35":{"start":{"line":77,"column":4},"end":{"line":77,"column":16}},"36":{"start":{"line":82,"column":0},"end":{"line":118,"column":3}},"37":{"start":{"line":83,"column":2},"end":{"line":117,"column":3}},"38":{"start":{"line":84,"column":47},"end":{"line":84,"column":55}},"39":{"start":{"line":85,"column":26},"end":{"line":85,"column":67}},"40":{"start":{"line":87,"column":4},"end":{"line":91,"column":7}},"41":{"start":{"line":93,"column":22},"end":{"line":93,"column":32}},"42":{"start":{"line":96,"column":25},"end":{"line":98,"column":null}},"43":{"start":{"line":101,"column":21},"end":{"line":101,"column":43}},"44":{"start":{"line":103,"column":4},"end":{"line":108,"column":7}},"45":{"start":{"line":110,"column":4},"end":{"line":114,"column":7}},"46":{"start":{"line":116,"column":4},"end":{"line":116,"column":16}},"47":{"start":{"line":121,"column":0},"end":{"line":141,"column":3}},"48":{"start":{"line":122,"column":2},"end":{"line":140,"column":3}},"49":{"start":{"line":123,"column":45},"end":{"line":123,"column":53}},"50":{"start":{"line":124,"column":26},"end":{"line":124,"column":67}},"51":{"start":{"line":126,"column":4},"end":{"line":129,"column":7}},"52":{"start":{"line":131,"column":24},"end":{"line":133,"column":null}},"53":{"start":{"line":136,"column":4},"end":{"line":136,"column":47}},"54":{"start":{"line":137,"column":4},"end":{"line":137,"column":26}},"55":{"start":{"line":139,"column":4},"end":{"line":139,"column":16}},"56":{"start":{"line":144,"column":0},"end":{"line":172,"column":3}},"57":{"start":{"line":145,"column":2},"end":{"line":171,"column":3}},"58":{"start":{"line":146,"column":21},"end":{"line":146,"column":31}},"59":{"start":{"line":147,"column":26},"end":{"line":147,"column":67}},"60":{"start":{"line":149,"column":4},"end":{"line":152,"column":7}},"61":{"start":{"line":154,"column":22},"end":{"line":154,"column":61}},"62":{"start":{"line":156,"column":4},"end":{"line":164,"column":5}},"63":{"start":{"line":157,"column":6},"end":{"line":163,"column":8}},"64":{"start":{"line":166,"column":4},"end":{"line":166,"column":53}},"65":{"start":{"line":167,"column":4},"end":{"line":167,"column":79}},"66":{"start":{"line":168,"column":4},"end":{"line":168,"column":24}},"67":{"start":{"line":170,"column":4},"end":{"line":170,"column":16}},"68":{"start":{"line":174,"column":0},"end":{"line":174,"column":22}}},"fnMap":{"0":{"name":"(anonymous_1)","decl":{"start":{"line":23,"column":11},"end":{"line":23,"column":12}},"loc":{"start":{"line":23,"column":30},"end":{"line":26,"column":1}}},"1":{"name":"(anonymous_2)","decl":{"start":{"line":35,"column":59},"end":{"line":35,"column":64}},"loc":{"start":{"line":35,"column":84},"end":{"line":79,"column":1}}},"2":{"name":"(anonymous_3)","decl":{"start":{"line":82,"column":61},"end":{"line":82,"column":66}},"loc":{"start":{"line":82,"column":86},"end":{"line":118,"column":1}}},"3":{"name":"(anonymous_4)","decl":{"start":{"line":121,"column":63},"end":{"line":121,"column":68}},"loc":{"start":{"line":121,"column":88},"end":{"line":141,"column":1}}},"4":{"name":"(anonymous_5)","decl":{"start":{"line":144,"column":30},"end":{"line":144,"column":35}},"loc":{"start":{"line":144,"column":55},"end":{"line":172,"column":1}}}},"branchMap":{"0":{"loc":{"start":{"line":62,"column":4},"end":{"line":70,"column":5}},"type":"if","locations":[{"start":{"line":62,"column":4},"end":{"line":70,"column":5}}]},"1":{"loc":{"start":{"line":90,"column":20},"end":{"line":90,"column":46}},"type":"binary-expr","locations":[{"start":{"line":90,"column":20},"end":{"line":90,"column":41}},{"start":{"line":90,"column":45},"end":{"line":90,"column":46}}]},"2":{"loc":{"start":{"line":98,"column":6},"end":{"line":98,"column":25}},"type":"binary-expr","locations":[{"start":{"line":98,"column":6},"end":{"line":98,"column":19}},{"start":{"line":98,"column":23},"end":{"line":98,"column":25}}]},"3":{"loc":{"start":{"line":133,"column":6},"end":{"line":133,"column":23}},"type":"binary-expr","locations":[{"start":{"line":133,"column":6},"end":{"line":133,"column":17}},{"start":{"line":133,"column":21},"end":{"line":133,"column":23}}]},"4":{"loc":{"start":{"line":156,"column":4},"end":{"line":164,"column":5}},"type":"if","locations":[{"start":{"line":156,"column":4},"end":{"line":164,"column":5}}]}},"s":{"0":3,"1":3,"2":3,"3":3,"4":3,"5":3,"6":3,"7":3,"8":3,"9":3,"10":3,"11":3,"12":3,"13":3,"14":3,"15":3,"16":3,"17":3,"18":43,"19":43,"20":3,"21":3,"22":3,"23":3,"24":3,"25":3,"26":3,"27":3,"28":3,"29":3,"30":3,"31":3,"32":3,"33":0,"34":3,"35":0,"36":3,"37":0,"38":0,"39":0,"40":0,"41":0,"42":0,"43":0,"44":0,"45":0,"46":0,"47":3,"48":0,"49":0,"50":0,"51":0,"52":0,"53":0,"54":0,"55":0,"56":3,"57":0,"58":0,"59":0,"60":0,"61":0,"62":0,"63":0,"64":0,"65":0,"66":0,"67":0,"68":3},"f":{"0":43,"1":3,"2":0,"3":0,"4":0},"b":{"0":[0],"1":[0,0],"2":[0,0],"3":[0,0],"4":[0]}}
,"/Users/tim/smartmymeal/CascadeProjects/templator/backend/src/routes/design.ts": {"path":"/Users/tim/smartmymeal/CascadeProjects/templator/backend/src/routes/design.ts","statementMap":{"0":{"start":{"line":1,"column":0},"end":{"line":1,"column":33}},"1":{"start":{"line":2,"column":0},"end":{"line":2,"column":null}},"2":{"start":{"line":8,"column":0},"end":{"line":8,"column":59}},"3":{"start":{"line":9,"column":0},"end":{"line":9,"column":22}},"4":{"start":{"line":11,"column":15},"end":{"line":11,"column":23}},"5":{"start":{"line":14,"column":25},"end":{"line":17,"column":2}},"6":{"start":{"line":20,"column":0},"end":{"line":20,"column":54}},"7":{"start":{"line":22,"column":0},"end":{"line":22,"column":58}},"8":{"start":{"line":24,"column":0},"end":{"line":24,"column":70}},"9":{"start":{"line":26,"column":0},"end":{"line":26,"column":22}}},"fnMap":{},"branchMap":{},"s":{"0":3,"1":3,"2":3,"3":3,"4":3,"5":3,"6":3,"7":3,"8":3,"9":3},"f":{},"b":{}}
,"/Users/tim/smartmymeal/CascadeProjects/templator/backend/src/routes/layoutSplittingRoutes.ts": {"path":"/Users/tim/smartmymeal/CascadeProjects/templator/backend/src/routes/layoutSplittingRoutes.ts","statementMap":{"0":{"start":{"line":6,"column":0},"end":{"line":6,"column":30}},"1":{"start":{"line":7,"column":0},"end":{"line":7,"column":24}},"2":{"start":{"line":8,"column":0},"end":{"line":8,"column":65}},"3":{"start":{"line":9,"column":0},"end":{"line":9,"column":47}},"4":{"start":{"line":10,"column":0},"end":{"line":10,"column":57}},"5":{"start":{"line":11,"column":0},"end":{"line":11,"column":90}},"6":{"start":{"line":12,"column":0},"end":{"line":12,"column":100}},"7":{"start":{"line":14,"column":15},"end":{"line":14,"column":31}},"8":{"start":{"line":15,"column":15},"end":{"line":15,"column":29}},"9":{"start":{"line":18,"column":26},"end":{"line":28,"column":2}},"10":{"start":{"line":30,"column":28},"end":{"line":50,"column":2}},"11":{"start":{"line":52,"column":30},"end":{"line":82,"column":2}},"12":{"start":{"line":88,"column":0},"end":{"line":115,"column":3}},"13":{"start":{"line":89,"column":2},"end":{"line":114,"column":3}},"14":{"start":{"line":90,"column":35},"end":{"line":90,"column":43}},"15":{"start":{"line":92,"column":4},"end":{"line":95,"column":7}},"16":{"start":{"line":97,"column":28},"end":{"line":97,"column":90}},"17":{"start":{"line":99,"column":4},"end":{"line":103,"column":7}},"18":{"start":{"line":105,"column":4},"end":{"line":109,"column":7}},"19":{"start":{"line":112,"column":4},"end":{"line":112,"column":55}},"20":{"start":{"line":113,"column":4},"end":{"line":113,"column":16}},"21":{"start":{"line":121,"column":0},"end":{"line":164,"column":3}},"22":{"start":{"line":122,"column":2},"end":{"line":163,"column":3}},"23":{"start":{"line":123,"column":68},"end":{"line":123,"column":76}},"24":{"start":{"line":125,"column":4},"end":{"line":129,"column":7}},"25":{"start":{"line":132,"column":28},"end":{"line":132,"column":99}},"26":{"start":{"line":134,"column":4},"end":{"line":136,"column":7}},"27":{"start":{"line":139,"column":29},"end":{"line":141,"column":null}},"28":{"start":{"line":144,"column":4},"end":{"line":149,"column":7}},"29":{"start":{"line":151,"column":4},"end":{"line":158,"column":7}},"30":{"start":{"line":161,"column":4},"end":{"line":161,"column":56}},"31":{"start":{"line":162,"column":4},"end":{"line":162,"column":16}},"32":{"start":{"line":170,"column":0},"end":{"line":201,"column":3}},"33":{"start":{"line":171,"column":2},"end":{"line":200,"column":3}},"34":{"start":{"line":172,"column":59},"end":{"line":172,"column":67}},"35":{"start":{"line":174,"column":4},"end":{"line":177,"column":7}},"36":{"start":{"line":179,"column":29},"end":{"line":181,"column":null}},"37":{"start":{"line":184,"column":4},"end":{"line":189,"column":7}},"38":{"start":{"line":191,"column":4},"end":{"line":195,"column":7}},"39":{"start":{"line":198,"column":4},"end":{"line":198,"column":57}},"40":{"start":{"line":199,"column":4},"end":{"line":199,"column":16}},"41":{"start":{"line":207,"column":0},"end":{"line":281,"column":3}},"42":{"start":{"line":208,"column":2},"end":{"line":280,"column":3}},"43":{"start":{"line":209,"column":17},"end":{"line":209,"column":42}},"44":{"start":{"line":211,"column":4},"end":{"line":219,"column":5}},"45":{"start":{"line":212,"column":6},"end":{"line":218,"column":8}},"46":{"start":{"line":222,"column":25},"end":{"line":222,"column":30}},"47":{"start":{"line":223,"column":26},"end":{"line":223,"column":31}},"48":{"start":{"line":224,"column":25},"end":{"line":224,"column":31}},"49":{"start":{"line":225,"column":30},"end":{"line":225,"column":36}},"50":{"start":{"line":232,"column":4},"end":{"line":257,"column":5}},"51":{"start":{"line":233,"column":6},"end":{"line":233,"column":50}},"52":{"start":{"line":234,"column":6},"end":{"line":234,"column":26}},"53":{"start":{"line":235,"column":6},"end":{"line":235,"column":28}},"54":{"start":{"line":236,"column":6},"end":{"line":236,"column":35}},"55":{"start":{"line":237,"column":11},"end":{"line":257,"column":5}},"56":{"start":{"line":238,"column":6},"end":{"line":238,"column":63}},"57":{"start":{"line":239,"column":6},"end":{"line":239,"column":26}},"58":{"start":{"line":240,"column":6},"end":{"line":240,"column":28}},"59":{"start":{"line":241,"column":6},"end":{"line":241,"column":35}},"60":{"start":{"line":242,"column":11},"end":{"line":257,"column":5}},"61":{"start":{"line":243,"column":6},"end":{"line":243,"column":60}},"62":{"start":{"line":244,"column":6},"end":{"line":244,"column":25}},"63":{"start":{"line":245,"column":6},"end":{"line":245,"column":50}},"64":{"start":{"line":246,"column":6},"end":{"line":246,"column":55}},"65":{"start":{"line":247,"column":11},"end":{"line":257,"column":5}},"66":{"start":{"line":248,"column":6},"end":{"line":248,"column":55}},"67":{"start":{"line":249,"column":6},"end":{"line":249,"column":25}},"68":{"start":{"line":250,"column":6},"end":{"line":250,"column":50}},"69":{"start":{"line":251,"column":6},"end":{"line":251,"column":55}},"70":{"start":{"line":253,"column":6},"end":{"line":253,"column":70}},"71":{"start":{"line":254,"column":6},"end":{"line":254,"column":25}},"72":{"start":{"line":255,"column":6},"end":{"line":255,"column":50}},"73":{"start":{"line":256,"column":6},"end":{"line":256,"column":55}},"74":{"start":{"line":259,"column":21},"end":{"line":269,"column":6}},"75":{"start":{"line":271,"column":4},"end":{"line":275,"column":7}},"76":{"start":{"line":278,"column":4},"end":{"line":278,"column":54}},"77":{"start":{"line":279,"column":4},"end":{"line":279,"column":16}},"78":{"start":{"line":287,"column":0},"end":{"line":313,"column":3}},"79":{"start":{"line":288,"column":2},"end":{"line":312,"column":3}},"80":{"start":{"line":289,"column":24},"end":{"line":289,"column":34}},"81":{"start":{"line":291,"column":19},"end":{"line":291,"column":88}},"82":{"start":{"line":293,"column":4},"end":{"line":301,"column":5}},"83":{"start":{"line":294,"column":6},"end":{"line":300,"column":8}},"84":{"start":{"line":303,"column":4},"end":{"line":307,"column":7}},"85":{"start":{"line":310,"column":4},"end":{"line":310,"column":55}},"86":{"start":{"line":311,"column":4},"end":{"line":311,"column":16}},"87":{"start":{"line":319,"column":0},"end":{"line":335,"column":3}},"88":{"start":{"line":320,"column":2},"end":{"line":334,"column":3}},"89":{"start":{"line":321,"column":24},"end":{"line":321,"column":34}},"90":{"start":{"line":323,"column":22},"end":{"line":323,"column":88}},"91":{"start":{"line":325,"column":4},"end":{"line":329,"column":7}},"92":{"start":{"line":332,"column":4},"end":{"line":332,"column":62}},"93":{"start":{"line":333,"column":4},"end":{"line":333,"column":16}},"94":{"start":{"line":341,"column":0},"end":{"line":418,"column":3}},"95":{"start":{"line":342,"column":2},"end":{"line":417,"column":3}},"96":{"start":{"line":343,"column":21},"end":{"line":406,"column":6}},"97":{"start":{"line":408,"column":4},"end":{"line":412,"column":7}},"98":{"start":{"line":415,"column":4},"end":{"line":415,"column":57}},"99":{"start":{"line":416,"column":4},"end":{"line":416,"column":16}},"100":{"start":{"line":422,"column":2},"end":{"line":422,"column":36}},"101":{"start":{"line":422,"column":19},"end":{"line":422,"column":36}},"102":{"start":{"line":423,"column":12},"end":{"line":423,"column":16}},"103":{"start":{"line":424,"column":16},"end":{"line":424,"column":43}},"104":{"start":{"line":425,"column":12},"end":{"line":425,"column":53}},"105":{"start":{"line":426,"column":2},"end":{"line":426,"column":74}},"106":{"start":{"line":430,"column":2},"end":{"line":430,"column":41}},"107":{"start":{"line":430,"column":20},"end":{"line":430,"column":41}},"108":{"start":{"line":431,"column":18},"end":{"line":431,"column":42}},"109":{"start":{"line":432,"column":27},"end":{"line":432,"column":39}},"110":{"start":{"line":433,"column":2},"end":{"line":433,"column":83}},"111":{"start":{"line":436,"column":0},"end":{"line":436,"column":22}}},"fnMap":{"0":{"name":"(anonymous_1)","decl":{"start":{"line":88,"column":61},"end":{"line":88,"column":66}},"loc":{"start":{"line":88,"column":86},"end":{"line":115,"column":1}}},"1":{"name":"(anonymous_2)","decl":{"start":{"line":121,"column":65},"end":{"line":121,"column":70}},"loc":{"start":{"line":121,"column":90},"end":{"line":164,"column":1}}},"2":{"name":"(anonymous_3)","decl":{"start":{"line":170,"column":76},"end":{"line":170,"column":81}},"loc":{"start":{"line":170,"column":101},"end":{"line":201,"column":1}}},"3":{"name":"(anonymous_4)","decl":{"start":{"line":207,"column":29},"end":{"line":207,"column":34}},"loc":{"start":{"line":207,"column":54},"end":{"line":281,"column":1}}},"4":{"name":"(anonymous_5)","decl":{"start":{"line":287,"column":31},"end":{"line":287,"column":36}},"loc":{"start":{"line":287,"column":56},"end":{"line":313,"column":1}}},"5":{"name":"(anonymous_6)","decl":{"start":{"line":319,"column":34},"end":{"line":319,"column":39}},"loc":{"start":{"line":319,"column":59},"end":{"line":335,"column":1}}},"6":{"name":"(anonymous_7)","decl":{"start":{"line":341,"column":24},"end":{"line":341,"column":29}},"loc":{"start":{"line":341,"column":49},"end":{"line":418,"column":1}}},"7":{"name":"formatFileSize","decl":{"start":{"line":421,"column":9},"end":{"line":421,"column":23}},"loc":{"start":{"line":421,"column":37},"end":{"line":427,"column":1}}},"8":{"name":"formatTime","decl":{"start":{"line":429,"column":9},"end":{"line":429,"column":19}},"loc":{"start":{"line":429,"column":35},"end":{"line":434,"column":1}}}},"branchMap":{"0":{"loc":{"start":{"line":90,"column":18},"end":{"line":90,"column":30}},"type":"default-arg","locations":[{"start":{"line":90,"column":28},"end":{"line":90,"column":30}}]},"1":{"loc":{"start":{"line":123,"column":18},"end":{"line":123,"column":39}},"type":"default-arg","locations":[{"start":{"line":123,"column":37},"end":{"line":123,"column":39}}]},"2":{"loc":{"start":{"line":123,"column":41},"end":{"line":123,"column":63}},"type":"default-arg","locations":[{"start":{"line":123,"column":61},"end":{"line":123,"column":63}}]},"3":{"loc":{"start":{"line":172,"column":12},"end":{"line":172,"column":34}},"type":"default-arg","locations":[{"start":{"line":172,"column":32},"end":{"line":172,"column":34}}]},"4":{"loc":{"start":{"line":211,"column":4},"end":{"line":219,"column":5}},"type":"if","locations":[{"start":{"line":211,"column":4},"end":{"line":219,"column":5}}]},"5":{"loc":{"start":{"line":211,"column":8},"end":{"line":211,"column":31}},"type":"binary-expr","locations":[{"start":{"line":211,"column":8},"end":{"line":211,"column":19}},{"start":{"line":211,"column":23},"end":{"line":211,"column":31}}]},"6":{"loc":{"start":{"line":232,"column":4},"end":{"line":257,"column":5}},"type":"if","locations":[{"start":{"line":232,"column":4},"end":{"line":257,"column":5}},{"start":{"line":237,"column":11},"end":{"line":257,"column":5}}]},"7":{"loc":{"start":{"line":237,"column":11},"end":{"line":257,"column":5}},"type":"if","locations":[{"start":{"line":237,"column":11},"end":{"line":257,"column":5}},{"start":{"line":242,"column":11},"end":{"line":257,"column":5}}]},"8":{"loc":{"start":{"line":242,"column":11},"end":{"line":257,"column":5}},"type":"if","locations":[{"start":{"line":242,"column":11},"end":{"line":257,"column":5}},{"start":{"line":247,"column":11},"end":{"line":257,"column":5}}]},"9":{"loc":{"start":{"line":247,"column":11},"end":{"line":257,"column":5}},"type":"if","locations":[{"start":{"line":247,"column":11},"end":{"line":257,"column":5}},{"start":{"line":252,"column":11},"end":{"line":257,"column":5}}]},"10":{"loc":{"start":{"line":267,"column":22},"end":{"line":267,"column":117}},"type":"cond-expr","locations":[{"start":{"line":267,"column":36},"end":{"line":267,"column":82}},{"start":{"line":267,"column":85},"end":{"line":267,"column":117}}]},"11":{"loc":{"start":{"line":268,"column":18},"end":{"line":268,"column":88}},"type":"cond-expr","locations":[{"start":{"line":268,"column":40},"end":{"line":268,"column":46}},{"start":{"line":268,"column":49},"end":{"line":268,"column":88}}]},"12":{"loc":{"start":{"line":268,"column":49},"end":{"line":268,"column":88}},"type":"cond-expr","locations":[{"start":{"line":268,"column":72},"end":{"line":268,"column":80}},{"start":{"line":268,"column":83},"end":{"line":268,"column":88}}]},"13":{"loc":{"start":{"line":293,"column":4},"end":{"line":301,"column":5}},"type":"if","locations":[{"start":{"line":293,"column":4},"end":{"line":301,"column":5}}]},"14":{"loc":{"start":{"line":328,"column":15},"end":{"line":328,"column":108}},"type":"cond-expr","locations":[{"start":{"line":328,"column":27},"end":{"line":328,"column":70}},{"start":{"line":328,"column":73},"end":{"line":328,"column":108}}]},"15":{"loc":{"start":{"line":422,"column":2},"end":{"line":422,"column":36}},"type":"if","locations":[{"start":{"line":422,"column":2},"end":{"line":422,"column":36}}]},"16":{"loc":{"start":{"line":430,"column":2},"end":{"line":430,"column":41}},"type":"if","locations":[{"start":{"line":430,"column":2},"end":{"line":430,"column":41}}]},"17":{"loc":{"start":{"line":433,"column":9},"end":{"line":433,"column":82}},"type":"cond-expr","locations":[{"start":{"line":433,"column":32},"end":{"line":433,"column":66}},{"start":{"line":433,"column":69},"end":{"line":433,"column":82}}]}},"s":{"0":2,"1":2,"2":2,"3":2,"4":2,"5":2,"6":2,"7":2,"8":2,"9":2,"10":2,"11":2,"12":2,"13":2,"14":2,"15":2,"16":2,"17":2,"18":2,"19":0,"20":0,"21":2,"22":0,"23":0,"24":0,"25":0,"26":0,"27":0,"28":0,"29":0,"30":0,"31":0,"32":2,"33":0,"34":0,"35":0,"36":0,"37":0,"38":0,"39":0,"40":0,"41":2,"42":0,"43":0,"44":0,"45":0,"46":0,"47":0,"48":0,"49":0,"50":0,"51":0,"52":0,"53":0,"54":0,"55":0,"56":0,"57":0,"58":0,"59":0,"60":0,"61":0,"62":0,"63":0,"64":0,"65":0,"66":0,"67":0,"68":0,"69":0,"70":0,"71":0,"72":0,"73":0,"74":0,"75":0,"76":0,"77":0,"78":2,"79":0,"80":0,"81":0,"82":0,"83":0,"84":0,"85":0,"86":0,"87":2,"88":0,"89":0,"90":0,"91":0,"92":0,"93":0,"94":2,"95":0,"96":0,"97":0,"98":0,"99":0,"100":0,"101":0,"102":0,"103":0,"104":0,"105":0,"106":0,"107":0,"108":0,"109":0,"110":0,"111":2},"f":{"0":2,"1":0,"2":0,"3":0,"4":0,"5":0,"6":0,"7":0,"8":0},"b":{"0":[0],"1":[0],"2":[0],"3":[0],"4":[0],"5":[0,0],"6":[0,0],"7":[0,0],"8":[0,0],"9":[0,0],"10":[0,0],"11":[0,0],"12":[0,0],"13":[0],"14":[0,0],"15":[0],"16":[0],"17":[0,0]}}
,"/Users/tim/smartmymeal/CascadeProjects/templator/backend/src/routes/logs.ts": {"path":"/Users/tim/smartmymeal/CascadeProjects/templator/backend/src/routes/logs.ts","statementMap":{"0":{"start":{"line":1,"column":0},"end":{"line":1,"column":30}},"1":{"start":{"line":2,"column":0},"end":{"line":2,"column":47}},"2":{"start":{"line":4,"column":15},"end":{"line":4,"column":31}},"3":{"start":{"line":5,"column":15},"end":{"line":5,"column":29}},"4":{"start":{"line":8,"column":23},"end":{"line":8,"column":50}},"5":{"start":{"line":24,"column":29},"end":{"line":24,"column":31}},"6":{"start":{"line":25,"column":17},"end":{"line":25,"column":21}},"7":{"start":{"line":28,"column":28},"end":{"line":47,"column":1}},"8":{"start":{"line":30,"column":2},"end":{"line":30,"column":26}},"9":{"start":{"line":33,"column":2},"end":{"line":35,"column":3}},"10":{"start":{"line":34,"column":4},"end":{"line":34,"column":51}},"11":{"start":{"line":38,"column":18},"end":{"line":38,"column":57}},"12":{"start":{"line":39,"column":2},"end":{"line":46,"column":5}},"13":{"start":{"line":40,"column":4},"end":{"line":45,"column":5}},"14":{"start":{"line":41,"column":6},"end":{"line":41,"column":25}},"15":{"start":{"line":44,"column":6},"end":{"line":44,"column":33}},"16":{"start":{"line":28,"column":13},"end":{"line":28,"column":28}},"17":{"start":{"line":50,"column":29},"end":{"line":87,"column":1}},"18":{"start":{"line":59,"column":29},"end":{"line":69,"column":4}},"19":{"start":{"line":72,"column":21},"end":{"line":72,"column":61}},"20":{"start":{"line":73,"column":2},"end":{"line":84,"column":3}},"21":{"start":{"line":75,"column":6},"end":{"line":75,"column":75}},"22":{"start":{"line":76,"column":6},"end":{"line":76,"column":12}},"23":{"start":{"line":78,"column":6},"end":{"line":78,"column":74}},"24":{"start":{"line":79,"column":6},"end":{"line":79,"column":12}},"25":{"start":{"line":83,"column":6},"end":{"line":83,"column":74}},"26":{"start":{"line":86,"column":2},"end":{"line":86,"column":25}},"27":{"start":{"line":50,"column":13},"end":{"line":50,"column":29}},"28":{"start":{"line":90,"column":0},"end":{"line":128,"column":3}},"29":{"start":{"line":92,"column":2},"end":{"line":98,"column":5}},"30":{"start":{"line":101,"column":2},"end":{"line":101,"column":26}},"31":{"start":{"line":104,"column":31},"end":{"line":111,"column":4}},"32":{"start":{"line":112,"column":2},"end":{"line":112,"column":55}},"33":{"start":{"line":115,"column":2},"end":{"line":117,"column":5}},"34":{"start":{"line":116,"column":4},"end":{"line":116,"column":50}},"35":{"start":{"line":120,"column":2},"end":{"line":123,"column":5}},"36":{"start":{"line":121,"column":4},"end":{"line":121,"column":31}},"37":{"start":{"line":122,"column":4},"end":{"line":122,"column":59}},"38":{"start":{"line":125,"column":2},"end":{"line":127,"column":5}},"39":{"start":{"line":126,"column":4},"end":{"line":126,"column":31}},"40":{"start":{"line":131,"column":0},"end":{"line":160,"column":3}},"41":{"start":{"line":132,"column":55},"end":{"line":132,"column":64}},"42":{"start":{"line":134,"column":21},"end":{"line":134,"column":34}},"43":{"start":{"line":137,"column":2},"end":{"line":139,"column":3}},"44":{"start":{"line":138,"column":4},"end":{"line":138,"column":67}},"45":{"start":{"line":138,"column":46},"end":{"line":138,"column":65}},"46":{"start":{"line":142,"column":2},"end":{"line":144,"column":3}},"47":{"start":{"line":143,"column":4},"end":{"line":143,"column":73}},"48":{"start":{"line":143,"column":46},"end":{"line":143,"column":71}},"49":{"start":{"line":147,"column":21},"end":{"line":147,"column":52}},"50":{"start":{"line":148,"column":19},"end":{"line":148,"column":67}},"51":{"start":{"line":149,"column":24},"end":{"line":149,"column":77}},"52":{"start":{"line":151,"column":2},"end":{"line":159,"column":5}},"53":{"start":{"line":163,"column":0},"end":{"line":181,"column":3}},"54":{"start":{"line":164,"column":2},"end":{"line":164,"column":22}},"55":{"start":{"line":166,"column":29},"end":{"line":173,"column":4}},"56":{"start":{"line":175,"column":2},"end":{"line":175,"column":25}},"57":{"start":{"line":177,"column":2},"end":{"line":180,"column":5}},"58":{"start":{"line":184,"column":0},"end":{"line":209,"column":3}},"59":{"start":{"line":185,"column":30},"end":{"line":185,"column":39}},"60":{"start":{"line":186,"column":20},"end":{"line":186,"column":58}},"61":{"start":{"line":188,"column":2},"end":{"line":208,"column":3}},"62":{"start":{"line":189,"column":4},"end":{"line":189,"column":54}},"63":{"start":{"line":190,"column":4},"end":{"line":190,"column":93}},"64":{"start":{"line":191,"column":4},"end":{"line":191,"column":23}},"65":{"start":{"line":192,"column":9},"end":{"line":208,"column":3}},"66":{"start":{"line":193,"column":4},"end":{"line":193,"column":46}},"67":{"start":{"line":194,"column":4},"end":{"line":194,"column":92}},"68":{"start":{"line":197,"column":22},"end":{"line":197,"column":77}},"69":{"start":{"line":198,"column":20},"end":{"line":200,"column":16}},"70":{"start":{"line":199,"column":6},"end":{"line":199,"column":125}},"71":{"start":{"line":202,"column":4},"end":{"line":202,"column":34}},"72":{"start":{"line":204,"column":4},"end":{"line":207,"column":7}},"73":{"start":{"line":211,"column":0},"end":{"line":211,"column":22}}},"fnMap":{"0":{"name":"(anonymous_1)","decl":{"start":{"line":28,"column":28},"end":{"line":28,"column":29}},"loc":{"start":{"line":28,"column":51},"end":{"line":47,"column":1}}},"1":{"name":"(anonymous_2)","decl":{"start":{"line":39,"column":25},"end":{"line":39,"column":28}},"loc":{"start":{"line":39,"column":31},"end":{"line":46,"column":3}}},"2":{"name":"(anonymous_3)","decl":{"start":{"line":50,"column":29},"end":{"line":50,"column":null}},"loc":{"start":{"line":58,"column":4},"end":{"line":87,"column":1}}},"3":{"name":"(anonymous_4)","decl":{"start":{"line":90,"column":22},"end":{"line":90,"column":23}},"loc":{"start":{"line":90,"column":35},"end":{"line":128,"column":1}}},"4":{"name":"(anonymous_5)","decl":{"start":{"line":115,"column":30},"end":{"line":115,"column":33}},"loc":{"start":{"line":115,"column":36},"end":{"line":117,"column":3}}},"5":{"name":"(anonymous_6)","decl":{"start":{"line":120,"column":18},"end":{"line":120,"column":21}},"loc":{"start":{"line":120,"column":23},"end":{"line":123,"column":3}}},"6":{"name":"(anonymous_7)","decl":{"start":{"line":125,"column":18},"end":{"line":125,"column":21}},"loc":{"start":{"line":125,"column":23},"end":{"line":127,"column":3}}},"7":{"name":"(anonymous_8)","decl":{"start":{"line":131,"column":16},"end":{"line":131,"column":17}},"loc":{"start":{"line":131,"column":29},"end":{"line":160,"column":1}}},"8":{"name":"(anonymous_9)","decl":{"start":{"line":138,"column":39},"end":{"line":138,"column":42}},"loc":{"start":{"line":138,"column":46},"end":{"line":138,"column":65}}},"9":{"name":"(anonymous_10)","decl":{"start":{"line":143,"column":39},"end":{"line":143,"column":42}},"loc":{"start":{"line":143,"column":46},"end":{"line":143,"column":71}}},"10":{"name":"(anonymous_11)","decl":{"start":{"line":163,"column":19},"end":{"line":163,"column":20}},"loc":{"start":{"line":163,"column":32},"end":{"line":181,"column":1}}},"11":{"name":"(anonymous_12)","decl":{"start":{"line":184,"column":22},"end":{"line":184,"column":23}},"loc":{"start":{"line":184,"column":35},"end":{"line":209,"column":1}}},"12":{"name":"(anonymous_13)","decl":{"start":{"line":198,"column":33},"end":{"line":198,"column":36}},"loc":{"start":{"line":199,"column":6},"end":{"line":199,"column":125}}}},"branchMap":{"0":{"loc":{"start":{"line":33,"column":2},"end":{"line":35,"column":3}},"type":"if","locations":[{"start":{"line":33,"column":2},"end":{"line":35,"column":3}}]},"1":{"loc":{"start":{"line":73,"column":2},"end":{"line":84,"column":3}},"type":"switch","locations":[{"start":{"line":74,"column":4},"end":{"line":76,"column":12}},{"start":{"line":77,"column":4},"end":{"line":79,"column":12}},{"start":{"line":80,"column":4},"end":{"line":80,"column":19}},{"start":{"line":81,"column":4},"end":{"line":81,"column":16}},{"start":{"line":82,"column":4},"end":{"line":83,"column":74}}]},"2":{"loc":{"start":{"line":132,"column":27},"end":{"line":132,"column":38}},"type":"default-arg","locations":[{"start":{"line":132,"column":35},"end":{"line":132,"column":38}}]},"3":{"loc":{"start":{"line":132,"column":40},"end":{"line":132,"column":50}},"type":"default-arg","locations":[{"start":{"line":132,"column":49},"end":{"line":132,"column":50}}]},"4":{"loc":{"start":{"line":137,"column":2},"end":{"line":139,"column":3}},"type":"if","locations":[{"start":{"line":137,"column":2},"end":{"line":139,"column":3}}]},"5":{"loc":{"start":{"line":137,"column":6},"end":{"line":137,"column":40}},"type":"binary-expr","locations":[{"start":{"line":137,"column":6},"end":{"line":137,"column":11}},{"start":{"line":137,"column":15},"end":{"line":137,"column":40}}]},"6":{"loc":{"start":{"line":142,"column":2},"end":{"line":144,"column":3}},"type":"if","locations":[{"start":{"line":142,"column":2},"end":{"line":144,"column":3}}]},"7":{"loc":{"start":{"line":142,"column":6},"end":{"line":142,"column":46}},"type":"binary-expr","locations":[{"start":{"line":142,"column":6},"end":{"line":142,"column":14}},{"start":{"line":142,"column":18},"end":{"line":142,"column":46}}]},"8":{"loc":{"start":{"line":147,"column":21},"end":{"line":147,"column":52}},"type":"binary-expr","locations":[{"start":{"line":147,"column":21},"end":{"line":147,"column":47}},{"start":{"line":147,"column":51},"end":{"line":147,"column":52}}]},"9":{"loc":{"start":{"line":148,"column":28},"end":{"line":148,"column":60}},"type":"binary-expr","locations":[{"start":{"line":148,"column":28},"end":{"line":148,"column":53}},{"start":{"line":148,"column":57},"end":{"line":148,"column":60}}]},"10":{"loc":{"start":{"line":185,"column":10},"end":{"line":185,"column":25}},"type":"default-arg","locations":[{"start":{"line":185,"column":19},"end":{"line":185,"column":25}}]},"11":{"loc":{"start":{"line":188,"column":2},"end":{"line":208,"column":3}},"type":"if","locations":[{"start":{"line":188,"column":2},"end":{"line":208,"column":3}},{"start":{"line":192,"column":9},"end":{"line":208,"column":3}}]},"12":{"loc":{"start":{"line":192,"column":9},"end":{"line":208,"column":3}},"type":"if","locations":[{"start":{"line":192,"column":9},"end":{"line":208,"column":3}},{"start":{"line":203,"column":9},"end":{"line":208,"column":3}}]},"13":{"loc":{"start":{"line":199,"column":79},"end":{"line":199,"column":98}},"type":"binary-expr","locations":[{"start":{"line":199,"column":79},"end":{"line":199,"column":92}},{"start":{"line":199,"column":96},"end":{"line":199,"column":98}}]},"14":{"loc":{"start":{"line":199,"column":104},"end":{"line":199,"column":122}},"type":"binary-expr","locations":[{"start":{"line":199,"column":104},"end":{"line":199,"column":116}},{"start":{"line":199,"column":120},"end":{"line":199,"column":122}}]}},"s":{"0":4,"1":4,"2":4,"3":4,"4":4,"5":4,"6":4,"7":4,"8":89,"9":89,"10":0,"11":89,"12":89,"13":0,"14":0,"15":0,"16":4,"17":4,"18":89,"19":89,"20":89,"21":28,"22":28,"23":0,"24":0,"25":61,"26":89,"27":4,"28":4,"29":0,"30":0,"31":0,"32":0,"33":0,"34":0,"35":0,"36":0,"37":0,"38":0,"39":0,"40":4,"41":0,"42":0,"43":0,"44":0,"45":0,"46":0,"47":0,"48":0,"49":0,"50":0,"51":0,"52":0,"53":4,"54":0,"55":0,"56":0,"57":0,"58":4,"59":0,"60":0,"61":0,"62":0,"63":0,"64":0,"65":0,"66":0,"67":0,"68":0,"69":0,"70":0,"71":0,"72":0,"73":4},"f":{"0":89,"1":0,"2":89,"3":0,"4":0,"5":0,"6":0,"7":0,"8":0,"9":0,"10":0,"11":0,"12":0},"b":{"0":[0],"1":[28,0,0,61,61],"2":[0],"3":[0],"4":[0],"5":[0,0],"6":[0],"7":[0,0],"8":[0,0],"9":[0,0],"10":[0],"11":[0,0],"12":[0,0],"13":[0,0],"14":[0,0]}}
,"/Users/tim/smartmymeal/CascadeProjects/templator/backend/src/routes/validation.ts": {"path":"/Users/tim/smartmymeal/CascadeProjects/templator/backend/src/routes/validation.ts","statementMap":{"0":{"start":{"line":7,"column":0},"end":{"line":7,"column":30}},"1":{"start":{"line":8,"column":0},"end":{"line":8,"column":47}},"2":{"start":{"line":9,"column":0},"end":{"line":9,"column":57}},"3":{"start":{"line":10,"column":0},"end":{"line":10,"column":98}},"4":{"start":{"line":11,"column":0},"end":{"line":11,"column":70}},"5":{"start":{"line":14,"column":15},"end":{"line":14,"column":31}},"6":{"start":{"line":15,"column":15},"end":{"line":15,"column":29}},"7":{"start":{"line":16,"column":26},"end":{"line":16,"column":64}},"8":{"start":{"line":80,"column":0},"end":{"line":198,"column":3}},"9":{"start":{"line":81,"column":2},"end":{"line":197,"column":3}},"10":{"start":{"line":82,"column":24},"end":{"line":82,"column":32}},"11":{"start":{"line":83,"column":25},"end":{"line":83,"column":87}},"12":{"start":{"line":87,"column":26},"end":{"line":87,"column":36}},"13":{"start":{"line":89,"column":4},"end":{"line":109,"column":5}},"14":{"start":{"line":91,"column":6},"end":{"line":91,"column":38}},"15":{"start":{"line":92,"column":6},"end":{"line":92,"column":67}},"16":{"start":{"line":93,"column":11},"end":{"line":109,"column":5}},"17":{"start":{"line":95,"column":6},"end":{"line":99,"column":8}},"18":{"start":{"line":100,"column":6},"end":{"line":100,"column":67}},"19":{"start":{"line":102,"column":6},"end":{"line":108,"column":8}},"20":{"start":{"line":111,"column":4},"end":{"line":118,"column":7}},"21":{"start":{"line":121,"column":4},"end":{"line":129,"column":5}},"22":{"start":{"line":122,"column":6},"end":{"line":128,"column":8}},"23":{"start":{"line":131,"column":49},"end":{"line":141,"column":6}},"24":{"start":{"line":144,"column":26},"end":{"line":144,"column":64}},"25":{"start":{"line":145,"column":32},"end":{"line":145,"column":102}},"26":{"start":{"line":148,"column":29},"end":{"line":152,"column":6}},"27":{"start":{"line":155,"column":32},"end":{"line":158,"column":null}},"28":{"start":{"line":162,"column":28},"end":{"line":162,"column":90}},"29":{"start":{"line":165,"column":29},"end":{"line":165,"column":72}},"30":{"start":{"line":168,"column":19},"end":{"line":168,"column":83}},"31":{"start":{"line":171,"column":22},"end":{"line":171,"column":82}},"32":{"start":{"line":173,"column":41},"end":{"line":182,"column":6}},"33":{"start":{"line":184,"column":4},"end":{"line":190,"column":7}},"34":{"start":{"line":192,"column":4},"end":{"line":192,"column":23}},"35":{"start":{"line":195,"column":4},"end":{"line":195,"column":56}},"36":{"start":{"line":196,"column":4},"end":{"line":196,"column":16}},"37":{"start":{"line":203,"column":0},"end":{"line":375,"column":3}},"38":{"start":{"line":204,"column":2},"end":{"line":374,"column":3}},"39":{"start":{"line":205,"column":49},"end":{"line":205,"column":57}},"40":{"start":{"line":206,"column":20},"end":{"line":206,"column":84}},"41":{"start":{"line":208,"column":4},"end":{"line":212,"column":7}},"42":{"start":{"line":214,"column":4},"end":{"line":222,"column":5}},"43":{"start":{"line":215,"column":6},"end":{"line":221,"column":8}},"44":{"start":{"line":224,"column":56},"end":{"line":224,"column":58}},"45":{"start":{"line":225,"column":22},"end":{"line":225,"column":23}},"46":{"start":{"line":226,"column":22},"end":{"line":226,"column":23}},"47":{"start":{"line":227,"column":23},"end":{"line":227,"column":24}},"48":{"start":{"line":228,"column":32},"end":{"line":228,"column":34}},"49":{"start":{"line":229,"column":23},"end":{"line":229,"column":24}},"50":{"start":{"line":232,"column":4},"end":{"line":337,"column":5}},"51":{"start":{"line":233,"column":6},"end":{"line":336,"column":7}},"52":{"start":{"line":235,"column":53},"end":{"line":240,"column":10}},"53":{"start":{"line":243,"column":33},"end":{"line":243,"column":93}},"54":{"start":{"line":244,"column":30},"end":{"line":244,"column":68}},"55":{"start":{"line":245,"column":36},"end":{"line":248,"column":null}},"56":{"start":{"line":251,"column":32},"end":{"line":251,"column":94}},"57":{"start":{"line":252,"column":33},"end":{"line":252,"column":76}},"58":{"start":{"line":253,"column":23},"end":{"line":253,"column":87}},"59":{"start":{"line":254,"column":26},"end":{"line":254,"column":86}},"60":{"start":{"line":256,"column":51},"end":{"line":265,"column":10}},"61":{"start":{"line":267,"column":8},"end":{"line":270,"column":11}},"62":{"start":{"line":273,"column":8},"end":{"line":275,"column":28}},"63":{"start":{"line":273,"column":33},"end":{"line":273,"column":47}},"64":{"start":{"line":274,"column":13},"end":{"line":275,"column":28}},"65":{"start":{"line":274,"column":38},"end":{"line":274,"column":52}},"66":{"start":{"line":275,"column":13},"end":{"line":275,"column":28}},"67":{"start":{"line":278,"column":8},"end":{"line":278,"column":71}},"68":{"start":{"line":278,"column":59},"end":{"line":278,"column":68}},"69":{"start":{"line":279,"column":8},"end":{"line":279,"column":73}},"70":{"start":{"line":279,"column":61},"end":{"line":279,"column":70}},"71":{"start":{"line":280,"column":8},"end":{"line":280,"column":41}},"72":{"start":{"line":283,"column":8},"end":{"line":289,"column":9}},"73":{"start":{"line":284,"column":10},"end":{"line":287,"column":13}},"74":{"start":{"line":288,"column":10},"end":{"line":288,"column":16}},"75":{"start":{"line":292,"column":8},"end":{"line":296,"column":11}},"76":{"start":{"line":299,"column":8},"end":{"line":333,"column":11}},"77":{"start":{"line":335,"column":8},"end":{"line":335,"column":22}},"78":{"start":{"line":340,"column":25},"end":{"line":340,"column":52}},"79":{"start":{"line":341,"column":33},"end":{"line":341,"column":70}},"80":{"start":{"line":342,"column":30},"end":{"line":342,"column":119}},"81":{"start":{"line":342,"column":57},"end":{"line":342,"column":98}},"82":{"start":{"line":344,"column":51},"end":{"line":358,"column":6}},"83":{"start":{"line":360,"column":4},"end":{"line":367,"column":7}},"84":{"start":{"line":369,"column":4},"end":{"line":369,"column":28}},"85":{"start":{"line":372,"column":4},"end":{"line":372,"column":55}},"86":{"start":{"line":373,"column":4},"end":{"line":373,"column":16}},"87":{"start":{"line":380,"column":0},"end":{"line":398,"column":3}},"88":{"start":{"line":381,"column":2},"end":{"line":397,"column":3}},"89":{"start":{"line":382,"column":29},"end":{"line":382,"column":39}},"90":{"start":{"line":386,"column":4},"end":{"line":392,"column":7}},"91":{"start":{"line":395,"column":4},"end":{"line":395,"column":63}},"92":{"start":{"line":396,"column":4},"end":{"line":396,"column":16}},"93":{"start":{"line":403,"column":0},"end":{"line":433,"column":3}},"94":{"start":{"line":404,"column":2},"end":{"line":432,"column":3}},"95":{"start":{"line":405,"column":26},"end":{"line":405,"column":64}},"96":{"start":{"line":407,"column":4},"end":{"line":415,"column":5}},"97":{"start":{"line":408,"column":6},"end":{"line":414,"column":8}},"98":{"start":{"line":417,"column":4},"end":{"line":427,"column":7}},"99":{"start":{"line":420,"column":55},"end":{"line":424,"column":8}},"100":{"start":{"line":430,"column":4},"end":{"line":430,"column":64}},"101":{"start":{"line":431,"column":4},"end":{"line":431,"column":16}},"102":{"start":{"line":439,"column":27},"end":{"line":439,"column":29}},"103":{"start":{"line":441,"column":2},"end":{"line":448,"column":3}},"104":{"start":{"line":442,"column":4},"end":{"line":442,"column":63}},"105":{"start":{"line":443,"column":4},"end":{"line":447,"column":6}},"106":{"start":{"line":451,"column":26},"end":{"line":451,"column":85}},"107":{"start":{"line":451,"column":76},"end":{"line":451,"column":83}},"108":{"start":{"line":452,"column":2},"end":{"line":456,"column":3}},"109":{"start":{"line":453,"column":4},"end":{"line":455,"column":5}},"110":{"start":{"line":454,"column":6},"end":{"line":454,"column":55}},"111":{"start":{"line":459,"column":2},"end":{"line":466,"column":3}},"112":{"start":{"line":460,"column":30},"end":{"line":460,"column":65}},"113":{"start":{"line":461,"column":4},"end":{"line":465,"column":5}},"114":{"start":{"line":462,"column":6},"end":{"line":464,"column":7}},"115":{"start":{"line":463,"column":8},"end":{"line":463,"column":60}},"116":{"start":{"line":468,"column":2},"end":{"line":472,"column":4}},"117":{"start":{"line":479,"column":36},"end":{"line":479,"column":38}},"118":{"start":{"line":481,"column":2},"end":{"line":483,"column":3}},"119":{"start":{"line":482,"column":4},"end":{"line":482,"column":66}},"120":{"start":{"line":485,"column":2},"end":{"line":487,"column":3}},"121":{"start":{"line":486,"column":4},"end":{"line":486,"column":71}},"122":{"start":{"line":489,"column":2},"end":{"line":491,"column":3}},"123":{"start":{"line":490,"column":4},"end":{"line":490,"column":75}},"124":{"start":{"line":493,"column":2},"end":{"line":495,"column":3}},"125":{"start":{"line":494,"column":4},"end":{"line":494,"column":79}},"126":{"start":{"line":497,"column":2},"end":{"line":499,"column":3}},"127":{"start":{"line":498,"column":4},"end":{"line":498,"column":59}},"128":{"start":{"line":501,"column":2},"end":{"line":503,"column":3}},"129":{"start":{"line":502,"column":4},"end":{"line":502,"column":60}},"130":{"start":{"line":505,"column":2},"end":{"line":505,"column":25}},"131":{"start":{"line":512,"column":23},"end":{"line":512,"column":24}},"132":{"start":{"line":515,"column":2},"end":{"line":515,"column":90}},"133":{"start":{"line":515,"column":56},"end":{"line":515,"column":77}},"134":{"start":{"line":518,"column":2},"end":{"line":518,"column":86}},"135":{"start":{"line":518,"column":56},"end":{"line":518,"column":73}},"136":{"start":{"line":521,"column":2},"end":{"line":521,"column":92}},"137":{"start":{"line":521,"column":58},"end":{"line":521,"column":77}},"138":{"start":{"line":524,"column":2},"end":{"line":524,"column":90}},"139":{"start":{"line":524,"column":58},"end":{"line":524,"column":74}},"140":{"start":{"line":526,"column":2},"end":{"line":526,"column":39}},"141":{"start":{"line":533,"column":2},"end":{"line":535,"column":3}},"142":{"start":{"line":534,"column":4},"end":{"line":534,"column":20}},"143":{"start":{"line":537,"column":2},"end":{"line":539,"column":3}},"144":{"start":{"line":538,"column":4},"end":{"line":538,"column":21}},"145":{"start":{"line":541,"column":2},"end":{"line":541,"column":18}},"146":{"start":{"line":548,"column":26},"end":{"line":548,"column":28}},"147":{"start":{"line":550,"column":2},"end":{"line":562,"column":3}},"148":{"start":{"line":551,"column":4},"end":{"line":551,"column":53}},"149":{"start":{"line":552,"column":4},"end":{"line":552,"column":54}},"150":{"start":{"line":553,"column":4},"end":{"line":553,"column":48}},"151":{"start":{"line":554,"column":9},"end":{"line":562,"column":3}},"152":{"start":{"line":555,"column":4},"end":{"line":555,"column":54}},"153":{"start":{"line":556,"column":4},"end":{"line":556,"column":63}},"154":{"start":{"line":557,"column":4},"end":{"line":557,"column":76}},"155":{"start":{"line":559,"column":4},"end":{"line":559,"column":48}},"156":{"start":{"line":560,"column":4},"end":{"line":560,"column":39}},"157":{"start":{"line":561,"column":4},"end":{"line":561,"column":67}},"158":{"start":{"line":564,"column":2},"end":{"line":564,"column":15}},"159":{"start":{"line":571,"column":22},"end":{"line":571,"column":47}},"160":{"start":{"line":573,"column":2},"end":{"line":575,"column":3}},"161":{"start":{"line":574,"column":4},"end":{"line":574,"column":62}},"162":{"start":{"line":578,"column":2},"end":{"line":582,"column":32}},"163":{"start":{"line":579,"column":28},"end":{"line":579,"column":37}},"164":{"start":{"line":580,"column":20},"end":{"line":580,"column":31}},"165":{"start":{"line":582,"column":25},"end":{"line":582,"column":30}},"166":{"start":{"line":589,"column":36},"end":{"line":589,"column":38}},"167":{"start":{"line":591,"column":22},"end":{"line":591,"column":91}},"168":{"start":{"line":591,"column":42},"end":{"line":591,"column":83}},"169":{"start":{"line":592,"column":23},"end":{"line":592,"column":93}},"170":{"start":{"line":592,"column":43},"end":{"line":592,"column":85}},"171":{"start":{"line":594,"column":2},"end":{"line":596,"column":3}},"172":{"start":{"line":595,"column":4},"end":{"line":595,"column":84}},"173":{"start":{"line":598,"column":2},"end":{"line":600,"column":3}},"174":{"start":{"line":599,"column":4},"end":{"line":599,"column":91}},"175":{"start":{"line":602,"column":19},"end":{"line":602,"column":108}},"176":{"start":{"line":602,"column":46},"end":{"line":602,"column":87}},"177":{"start":{"line":603,"column":2},"end":{"line":605,"column":3}},"178":{"start":{"line":604,"column":4},"end":{"line":604,"column":81}},"179":{"start":{"line":607,"column":2},"end":{"line":607,"column":79}},"180":{"start":{"line":608,"column":2},"end":{"line":608,"column":85}},"181":{"start":{"line":610,"column":2},"end":{"line":610,"column":25}},"182":{"start":{"line":613,"column":0},"end":{"line":613,"column":22}}},"fnMap":{"0":{"name":"(anonymous_1)","decl":{"start":{"line":80,"column":25},"end":{"line":80,"column":30}},"loc":{"start":{"line":80,"column":50},"end":{"line":198,"column":1}}},"1":{"name":"(anonymous_2)","decl":{"start":{"line":203,"column":31},"end":{"line":203,"column":36}},"loc":{"start":{"line":203,"column":56},"end":{"line":375,"column":1}}},"2":{"name":"(anonymous_3)","decl":{"start":{"line":278,"column":54},"end":{"line":278,"column":55}},"loc":{"start":{"line":278,"column":59},"end":{"line":278,"column":68}}},"3":{"name":"(anonymous_4)","decl":{"start":{"line":279,"column":56},"end":{"line":279,"column":57}},"loc":{"start":{"line":279,"column":61},"end":{"line":279,"column":70}}},"4":{"name":"(anonymous_5)","decl":{"start":{"line":342,"column":45},"end":{"line":342,"column":46}},"loc":{"start":{"line":342,"column":57},"end":{"line":342,"column":98}}},"5":{"name":"(anonymous_6)","decl":{"start":{"line":380,"column":36},"end":{"line":380,"column":41}},"loc":{"start":{"line":380,"column":61},"end":{"line":398,"column":1}}},"6":{"name":"(anonymous_7)","decl":{"start":{"line":403,"column":22},"end":{"line":403,"column":27}},"loc":{"start":{"line":403,"column":47},"end":{"line":433,"column":1}}},"7":{"name":"(anonymous_8)","decl":{"start":{"line":420,"column":48},"end":{"line":420,"column":50}},"loc":{"start":{"line":420,"column":55},"end":{"line":424,"column":8}}},"8":{"name":"checkSchemaCompatibility","decl":{"start":{"line":438,"column":15},"end":{"line":438,"column":39}},"loc":{"start":{"line":438,"column":94},"end":{"line":473,"column":1}}},"9":{"name":"(anonymous_10)","decl":{"start":{"line":451,"column":63},"end":{"line":451,"column":64}},"loc":{"start":{"line":451,"column":76},"end":{"line":451,"column":83}}},"10":{"name":"generateRecommendations","decl":{"start":{"line":478,"column":9},"end":{"line":478,"column":32}},"loc":{"start":{"line":478,"column":93},"end":{"line":506,"column":1}}},"11":{"name":"calculateEstimatedFixTime","decl":{"start":{"line":511,"column":9},"end":{"line":511,"column":34}},"loc":{"start":{"line":511,"column":69},"end":{"line":527,"column":1}}},"12":{"name":"(anonymous_13)","decl":{"start":{"line":515,"column":51},"end":{"line":515,"column":52}},"loc":{"start":{"line":515,"column":56},"end":{"line":515,"column":77}}},"13":{"name":"(anonymous_14)","decl":{"start":{"line":518,"column":51},"end":{"line":518,"column":52}},"loc":{"start":{"line":518,"column":56},"end":{"line":518,"column":73}}},"14":{"name":"(anonymous_15)","decl":{"start":{"line":521,"column":53},"end":{"line":521,"column":54}},"loc":{"start":{"line":521,"column":58},"end":{"line":521,"column":77}}},"15":{"name":"(anonymous_16)","decl":{"start":{"line":524,"column":53},"end":{"line":524,"column":54}},"loc":{"start":{"line":524,"column":58},"end":{"line":524,"column":74}}},"16":{"name":"determineValidationStatus","decl":{"start":{"line":532,"column":9},"end":{"line":532,"column":34}},"loc":{"start":{"line":532,"column":95},"end":{"line":542,"column":1}}},"17":{"name":"generateNextSteps","decl":{"start":{"line":547,"column":9},"end":{"line":547,"column":26}},"loc":{"start":{"line":547,"column":104},"end":{"line":565,"column":1}}},"18":{"name":"findCommonIssues","decl":{"start":{"line":570,"column":9},"end":{"line":570,"column":25}},"loc":{"start":{"line":570,"column":45},"end":{"line":583,"column":1}}},"19":{"name":"(anonymous_20)","decl":{"start":{"line":579,"column":12},"end":{"line":579,"column":13}},"loc":{"start":{"line":579,"column":28},"end":{"line":579,"column":37}}},"20":{"name":"(anonymous_21)","decl":{"start":{"line":580,"column":10},"end":{"line":580,"column":11}},"loc":{"start":{"line":580,"column":20},"end":{"line":580,"column":31}}},"21":{"name":"(anonymous_22)","decl":{"start":{"line":582,"column":9},"end":{"line":582,"column":10}},"loc":{"start":{"line":582,"column":25},"end":{"line":582,"column":30}}},"22":{"name":"generateBatchRecommendations","decl":{"start":{"line":588,"column":9},"end":{"line":588,"column":37}},"loc":{"start":{"line":588,"column":81},"end":{"line":611,"column":1}}},"23":{"name":"(anonymous_24)","decl":{"start":{"line":591,"column":37},"end":{"line":591,"column":38}},"loc":{"start":{"line":591,"column":42},"end":{"line":591,"column":83}}},"24":{"name":"(anonymous_25)","decl":{"start":{"line":592,"column":38},"end":{"line":592,"column":39}},"loc":{"start":{"line":592,"column":43},"end":{"line":592,"column":85}}},"25":{"name":"(anonymous_26)","decl":{"start":{"line":602,"column":34},"end":{"line":602,"column":35}},"loc":{"start":{"line":602,"column":46},"end":{"line":602,"column":87}}}},"branchMap":{"0":{"loc":{"start":{"line":89,"column":4},"end":{"line":109,"column":5}},"type":"if","locations":[{"start":{"line":89,"column":4},"end":{"line":109,"column":5}},{"start":{"line":93,"column":11},"end":{"line":109,"column":5}}]},"1":{"loc":{"start":{"line":92,"column":24},"end":{"line":92,"column":66}},"type":"binary-expr","locations":[{"start":{"line":92,"column":24},"end":{"line":92,"column":52}},{"start":{"line":92,"column":56},"end":{"line":92,"column":66}}]},"2":{"loc":{"start":{"line":93,"column":11},"end":{"line":109,"column":5}},"type":"if","locations":[{"start":{"line":93,"column":11},"end":{"line":109,"column":5}},{"start":{"line":101,"column":11},"end":{"line":109,"column":5}}]},"3":{"loc":{"start":{"line":93,"column":15},"end":{"line":93,"column":77}},"type":"binary-expr","locations":[{"start":{"line":93,"column":15},"end":{"line":93,"column":33}},{"start":{"line":93,"column":37},"end":{"line":93,"column":53}},{"start":{"line":93,"column":57},"end":{"line":93,"column":77}}]},"4":{"loc":{"start":{"line":96,"column":16},"end":{"line":96,"column":40}},"type":"binary-expr","locations":[{"start":{"line":96,"column":16},"end":{"line":96,"column":34}},{"start":{"line":96,"column":38},"end":{"line":96,"column":40}}]},"5":{"loc":{"start":{"line":97,"column":14},"end":{"line":97,"column":36}},"type":"binary-expr","locations":[{"start":{"line":97,"column":14},"end":{"line":97,"column":30}},{"start":{"line":97,"column":34},"end":{"line":97,"column":36}}]},"6":{"loc":{"start":{"line":98,"column":18},"end":{"line":98,"column":44}},"type":"binary-expr","locations":[{"start":{"line":98,"column":18},"end":{"line":98,"column":38}},{"start":{"line":98,"column":42},"end":{"line":98,"column":44}}]},"7":{"loc":{"start":{"line":100,"column":24},"end":{"line":100,"column":66}},"type":"binary-expr","locations":[{"start":{"line":100,"column":24},"end":{"line":100,"column":52}},{"start":{"line":100,"column":56},"end":{"line":100,"column":66}}]},"8":{"loc":{"start":{"line":114,"column":19},"end":{"line":114,"column":49}},"type":"binary-expr","locations":[{"start":{"line":114,"column":19},"end":{"line":114,"column":44}},{"start":{"line":114,"column":48},"end":{"line":114,"column":49}}]},"9":{"loc":{"start":{"line":121,"column":4},"end":{"line":129,"column":5}},"type":"if","locations":[{"start":{"line":121,"column":4},"end":{"line":129,"column":5}}]},"10":{"loc":{"start":{"line":121,"column":8},"end":{"line":121,"column":70}},"type":"binary-expr","locations":[{"start":{"line":121,"column":8},"end":{"line":121,"column":26}},{"start":{"line":121,"column":30},"end":{"line":121,"column":46}},{"start":{"line":121,"column":50},"end":{"line":121,"column":70}}]},"11":{"loc":{"start":{"line":133,"column":16},"end":{"line":133,"column":39}},"type":"binary-expr","locations":[{"start":{"line":133,"column":16},"end":{"line":133,"column":33}},{"start":{"line":133,"column":37},"end":{"line":133,"column":39}}]},"12":{"loc":{"start":{"line":134,"column":14},"end":{"line":134,"column":35}},"type":"binary-expr","locations":[{"start":{"line":134,"column":14},"end":{"line":134,"column":29}},{"start":{"line":134,"column":33},"end":{"line":134,"column":35}}]},"13":{"loc":{"start":{"line":135,"column":18},"end":{"line":135,"column":43}},"type":"binary-expr","locations":[{"start":{"line":135,"column":18},"end":{"line":135,"column":37}},{"start":{"line":135,"column":41},"end":{"line":135,"column":43}}]},"14":{"loc":{"start":{"line":138,"column":27},"end":{"line":138,"column":67}},"type":"binary-expr","locations":[{"start":{"line":138,"column":27},"end":{"line":138,"column":58}},{"start":{"line":138,"column":62},"end":{"line":138,"column":67}}]},"15":{"loc":{"start":{"line":139,"column":29},"end":{"line":139,"column":71}},"type":"binary-expr","locations":[{"start":{"line":139,"column":29},"end":{"line":139,"column":62}},{"start":{"line":139,"column":66},"end":{"line":139,"column":71}}]},"16":{"loc":{"start":{"line":145,"column":32},"end":{"line":145,"column":102}},"type":"binary-expr","locations":[{"start":{"line":145,"column":32},"end":{"line":145,"column":64}},{"start":{"line":145,"column":68},"end":{"line":145,"column":90}},{"start":{"line":145,"column":94},"end":{"line":145,"column":102}}]},"17":{"loc":{"start":{"line":214,"column":4},"end":{"line":222,"column":5}},"type":"if","locations":[{"start":{"line":214,"column":4},"end":{"line":222,"column":5}}]},"18":{"loc":{"start":{"line":214,"column":8},"end":{"line":214,"column":66}},"type":"binary-expr","locations":[{"start":{"line":214,"column":8},"end":{"line":214,"column":29}},{"start":{"line":214,"column":33},"end":{"line":214,"column":66}}]},"19":{"loc":{"start":{"line":247,"column":10},"end":{"line":247,"column":44}},"type":"binary-expr","locations":[{"start":{"line":247,"column":10},"end":{"line":247,"column":32}},{"start":{"line":247,"column":36},"end":{"line":247,"column":44}}]},"20":{"loc":{"start":{"line":273,"column":8},"end":{"line":275,"column":28}},"type":"if","locations":[{"start":{"line":273,"column":8},"end":{"line":275,"column":28}},{"start":{"line":274,"column":13},"end":{"line":275,"column":28}}]},"21":{"loc":{"start":{"line":274,"column":13},"end":{"line":275,"column":28}},"type":"if","locations":[{"start":{"line":274,"column":13},"end":{"line":275,"column":28}},{"start":{"line":275,"column":13},"end":{"line":275,"column":28}}]},"22":{"loc":{"start":{"line":283,"column":8},"end":{"line":289,"column":9}},"type":"if","locations":[{"start":{"line":283,"column":8},"end":{"line":289,"column":9}}]},"23":{"loc":{"start":{"line":283,"column":12},"end":{"line":283,"column":76}},"type":"binary-expr","locations":[{"start":{"line":283,"column":12},"end":{"line":283,"column":53}},{"start":{"line":283,"column":57},"end":{"line":283,"column":76}}]},"24":{"loc":{"start":{"line":407,"column":4},"end":{"line":415,"column":5}},"type":"if","locations":[{"start":{"line":407,"column":4},"end":{"line":415,"column":5}}]},"25":{"loc":{"start":{"line":441,"column":2},"end":{"line":448,"column":3}},"type":"if","locations":[{"start":{"line":441,"column":2},"end":{"line":448,"column":3}}]},"26":{"loc":{"start":{"line":453,"column":4},"end":{"line":455,"column":5}},"type":"if","locations":[{"start":{"line":453,"column":4},"end":{"line":455,"column":5}}]},"27":{"loc":{"start":{"line":459,"column":2},"end":{"line":466,"column":3}},"type":"if","locations":[{"start":{"line":459,"column":2},"end":{"line":466,"column":3}}]},"28":{"loc":{"start":{"line":462,"column":6},"end":{"line":464,"column":7}},"type":"if","locations":[{"start":{"line":462,"column":6},"end":{"line":464,"column":7}}]},"29":{"loc":{"start":{"line":481,"column":2},"end":{"line":483,"column":3}},"type":"if","locations":[{"start":{"line":481,"column":2},"end":{"line":483,"column":3}}]},"30":{"loc":{"start":{"line":485,"column":2},"end":{"line":487,"column":3}},"type":"if","locations":[{"start":{"line":485,"column":2},"end":{"line":487,"column":3}}]},"31":{"loc":{"start":{"line":489,"column":2},"end":{"line":491,"column":3}},"type":"if","locations":[{"start":{"line":489,"column":2},"end":{"line":491,"column":3}}]},"32":{"loc":{"start":{"line":493,"column":2},"end":{"line":495,"column":3}},"type":"if","locations":[{"start":{"line":493,"column":2},"end":{"line":495,"column":3}}]},"33":{"loc":{"start":{"line":497,"column":2},"end":{"line":499,"column":3}},"type":"if","locations":[{"start":{"line":497,"column":2},"end":{"line":499,"column":3}}]},"34":{"loc":{"start":{"line":501,"column":2},"end":{"line":503,"column":3}},"type":"if","locations":[{"start":{"line":501,"column":2},"end":{"line":503,"column":3}}]},"35":{"loc":{"start":{"line":533,"column":2},"end":{"line":535,"column":3}},"type":"if","locations":[{"start":{"line":533,"column":2},"end":{"line":535,"column":3}}]},"36":{"loc":{"start":{"line":533,"column":6},"end":{"line":533,"column":75}},"type":"binary-expr","locations":[{"start":{"line":533,"column":6},"end":{"line":533,"column":40}},{"start":{"line":533,"column":44},"end":{"line":533,"column":75}}]},"37":{"loc":{"start":{"line":537,"column":2},"end":{"line":539,"column":3}},"type":"if","locations":[{"start":{"line":537,"column":2},"end":{"line":539,"column":3}}]},"38":{"loc":{"start":{"line":537,"column":6},"end":{"line":537,"column":73}},"type":"binary-expr","locations":[{"start":{"line":537,"column":6},"end":{"line":537,"column":42}},{"start":{"line":537,"column":46},"end":{"line":537,"column":73}}]},"39":{"loc":{"start":{"line":550,"column":2},"end":{"line":562,"column":3}},"type":"if","locations":[{"start":{"line":550,"column":2},"end":{"line":562,"column":3}},{"start":{"line":554,"column":9},"end":{"line":562,"column":3}}]},"40":{"loc":{"start":{"line":554,"column":9},"end":{"line":562,"column":3}},"type":"if","locations":[{"start":{"line":554,"column":9},"end":{"line":562,"column":3}},{"start":{"line":558,"column":9},"end":{"line":562,"column":3}}]},"41":{"loc":{"start":{"line":574,"column":28},"end":{"line":574,"column":55}},"type":"binary-expr","locations":[{"start":{"line":574,"column":28},"end":{"line":574,"column":50}},{"start":{"line":574,"column":54},"end":{"line":574,"column":55}}]},"42":{"loc":{"start":{"line":594,"column":2},"end":{"line":596,"column":3}},"type":"if","locations":[{"start":{"line":594,"column":2},"end":{"line":596,"column":3}}]},"43":{"loc":{"start":{"line":598,"column":2},"end":{"line":600,"column":3}},"type":"if","locations":[{"start":{"line":598,"column":2},"end":{"line":600,"column":3}}]},"44":{"loc":{"start":{"line":603,"column":2},"end":{"line":605,"column":3}},"type":"if","locations":[{"start":{"line":603,"column":2},"end":{"line":605,"column":3}}]}},"s":{"0":2,"1":2,"2":2,"3":2,"4":2,"5":2,"6":2,"7":2,"8":2,"9":3,"10":3,"11":3,"12":3,"13":3,"14":2,"15":2,"16":1,"17":0,"18":0,"19":1,"20":2,"21":2,"22":0,"23":2,"24":2,"25":2,"26":2,"27":2,"28":2,"29":2,"30":2,"31":2,"32":2,"33":2,"34":2,"35":1,"36":1,"37":2,"38":1,"39":1,"40":1,"41":1,"42":1,"43":0,"44":1,"45":1,"46":1,"47":1,"48":1,"49":1,"50":1,"51":2,"52":2,"53":2,"54":2,"55":2,"56":2,"57":2,"58":2,"59":2,"60":2,"61":2,"62":2,"63":0,"64":2,"65":2,"66":0,"67":2,"68":13,"69":2,"70":1,"71":2,"72":2,"73":0,"74":0,"75":0,"76":0,"77":0,"78":1,"79":1,"80":1,"81":2,"82":1,"83":1,"84":1,"85":0,"86":0,"87":2,"88":0,"89":0,"90":0,"91":0,"92":0,"93":2,"94":1,"95":1,"96":1,"97":1,"98":0,"99":0,"100":1,"101":1,"102":4,"103":4,"104":4,"105":4,"106":0,"107":0,"108":0,"109":0,"110":0,"111":0,"112":0,"113":0,"114":0,"115":0,"116":0,"117":4,"118":4,"119":4,"120":4,"121":2,"122":4,"123":4,"124":4,"125":4,"126":4,"127":0,"128":4,"129":0,"130":4,"131":4,"132":4,"133":28,"134":4,"135":28,"136":4,"137":2,"138":4,"139":2,"140":4,"141":4,"142":4,"143":0,"144":0,"145":0,"146":4,"147":4,"148":4,"149":4,"150":4,"151":0,"152":0,"153":0,"154":0,"155":0,"156":0,"157":0,"158":4,"159":1,"160":1,"161":14,"162":1,"163":8,"164":5,"165":5,"166":1,"167":1,"168":2,"169":1,"170":2,"171":1,"172":1,"173":1,"174":0,"175":1,"176":2,"177":1,"178":1,"179":1,"180":1,"181":1,"182":2},"f":{"0":3,"1":1,"2":13,"3":1,"4":2,"5":0,"6":1,"7":0,"8":4,"9":0,"10":4,"11":4,"12":28,"13":28,"14":2,"15":2,"16":4,"17":4,"18":1,"19":8,"20":5,"21":5,"22":1,"23":2,"24":2,"25":2},"b":{"0":[2,1],"1":[2,0],"2":[0,1],"3":[1,1,1],"4":[0,0],"5":[0,0],"6":[0,0],"7":[0,0],"8":[2,0],"9":[0],"10":[2,0,0],"11":[2,0],"12":[2,0],"13":[2,0],"14":[2,1],"15":[2,1],"16":[2,2,2],"17":[0],"18":[1,1],"19":[2,2],"20":[0,2],"21":[2,0],"22":[0],"23":[2,0],"24":[1],"25":[4],"26":[0],"27":[0],"28":[0],"29":[4],"30":[2],"31":[4],"32":[4],"33":[0],"34":[0],"35":[4],"36":[4,0],"37":[0],"38":[0,0],"39":[4,0],"40":[0,0],"41":[14,8],"42":[1],"43":[0],"44":[1]}}
[...]
:{"start":{"line":549,"column":28},"end":{"line":549,"column":71}},"105":{"start":{"line":551,"column":6},"end":{"line":558,"column":9}},"106":{"start":{"line":561,"column":6},"end":{"line":566,"column":33}},"107":{"start":{"line":568,"column":6},"end":{"line":568,"column":27}},"108":{"start":{"line":570,"column":28},"end":{"line":570,"column":50}},"109":{"start":{"line":571,"column":6},"end":{"line":577,"column":9}},"110":{"start":{"line":580,"column":6},"end":{"line":582,"column":35}},"111":{"start":{"line":584,"column":6},"end":{"line":584,"column":18}},"112":{"start":{"line":592,"column":22},"end":{"line":592,"column":32}},"113":{"start":{"line":593,"column":22},"end":{"line":593,"column":87}},"114":{"start":{"line":595,"column":4},"end":{"line":688,"column":5}},"115":{"start":{"line":596,"column":6},"end":{"line":602,"column":9}},"116":{"start":{"line":605,"column":6},"end":{"line":609,"column":20}},"117":{"start":{"line":611,"column":21},"end":{"line":625,"column":2}},"118":{"start":{"line":627,"column":6},"end":{"line":634,"column":9}},"119":{"start":{"line":637,"column":6},"end":{"line":641,"column":20}},"120":{"start":{"line":643,"column":23},"end":{"line":647,"column":null}},"121":{"start":{"line":650,"column":26},"end":{"line":650,"column":48}},"122":{"start":{"line":651,"column":26},"end":{"line":651,"column":71}},"123":{"start":{"line":653,"column":6},"end":{"line":661,"column":9}},"124":{"start":{"line":664,"column":6},"end":{"line":670,"column":33}},"125":{"start":{"line":672,"column":6},"end":{"line":672,"column":25}},"126":{"start":{"line":674,"column":28},"end":{"line":674,"column":50}},"127":{"start":{"line":675,"column":6},"end":{"line":681,"column":9}},"128":{"start":{"line":684,"column":6},"end":{"line":686,"column":35}},"129":{"start":{"line":687,"column":6},"end":{"line":687,"column":18}},"130":{"start":{"line":50,"column":0},"end":{"line":50,"column":13}},"131":{"start":{"line":692,"column":0},"end":{"line":692,"column":43}}},"fnMap":{"0":{"name":"(anonymous_1)","decl":{"start":{"line":53,"column":9},"end":{"line":53,"column":15}},"loc":{"start":{"line":53,"column":27},"end":{"line":58,"column":3}}},"1":{"name":"(anonymous_2)","decl":{"start":{"line":63,"column":10},"end":{"line":63,"column":15}},"loc":{"start":{"line":63,"column":121},"end":{"line":240,"column":3}}},"2":{"name":"(anonymous_3)","decl":{"start":{"line":70,"column":33},"end":{"line":70,"column":34}},"loc":{"start":{"line":70,"column":45},"end":{"line":70,"column":67}}},"3":{"name":"(anonymous_4)","decl":{"start":{"line":108,"column":42},"end":{"line":108,"column":43}},"loc":{"start":{"line":108,"column":57},"end":{"line":113,"column":8}}},"4":{"name":"(anonymous_5)","decl":{"start":{"line":112,"column":66},"end":{"line":112,"column":67}},"loc":{"start":{"line":112,"column":78},"end":{"line":112,"column":100}}},"5":{"name":"(anonymous_6)","decl":{"start":{"line":180,"column":39},"end":{"line":180,"column":40}},"loc":{"start":{"line":180,"column":57},"end":{"line":188,"column":10}}},"6":{"name":"(anonymous_7)","decl":{"start":{"line":245,"column":10},"end":{"line":245,"column":28}},"loc":{"start":{"line":245,"column":54},"end":{"line":262,"column":3}}},"7":{"name":"(anonymous_8)","decl":{"start":{"line":267,"column":10},"end":{"line":267,"column":29}},"loc":{"start":{"line":267,"column":59},"end":{"line":276,"column":3}}},"8":{"name":"(anonymous_9)","decl":{"start":{"line":281,"column":10},"end":{"line":281,"column":33}},"loc":{"start":{"line":281,"column":63},"end":{"line":290,"column":3}}},"9":{"name":"(anonymous_10)","decl":{"start":{"line":295,"column":2},"end":{"line":295,"column":7}},"loc":{"start":{"line":295,"column":65},"end":{"line":520,"column":3}}},"10":{"name":"(anonymous_11)","decl":{"start":{"line":525,"column":2},"end":{"line":525,"column":7}},"loc":{"start":{"line":525,"column":44},"end":{"line":586,"column":3}}},"11":{"name":"(anonymous_12)","decl":{"start":{"line":591,"column":2},"end":{"line":591,"column":7}},"loc":{"start":{"line":591,"column":54},"end":{"line":689,"column":3}}}},"branchMap":{"0":{"loc":{"start":{"line":9,"column":0},"end":{"line":12,"column":1}},"type":"if","locations":[{"start":{"line":9,"column":0},"end":{"line":12,"column":1}}]},"1":{"loc":{"start":{"line":9,"column":4},"end":{"line":9,"column":66}},"type":"binary-expr","locations":[{"start":{"line":9,"column":4},"end":{"line":9,"column":31}},{"start":{"line":9,"column":35},"end":{"line":9,"column":66}}]},"2":{"loc":{"start":{"line":14,"column":15},"end":{"line":16,"column":2}},"type":"cond-expr","locations":[{"start":{"line":14,"column":49},"end":{"line":14,"column":53}},{"start":{"line":14,"column":56},"end":{"line":16,"column":2}}]},"3":{"loc":{"start":{"line":54,"column":4},"end":{"line":56,"column":5}},"type":"if","locations":[{"start":{"line":54,"column":4},"end":{"line":56,"column":5}}]},"4":{"loc":{"start":{"line":63,"column":44},"end":{"line":63,"column":68}},"type":"default-arg","locations":[{"start":{"line":63,"column":60},"end":{"line":63,"column":68}}]},"5":{"loc":{"start":{"line":63,"column":70},"end":{"line":63,"column":94}},"type":"default-arg","locations":[{"start":{"line":63,"column":90},"end":{"line":63,"column":94}}]},"6":{"loc":{"start":{"line":63,"column":96},"end":{"line":63,"column":121}},"type":"default-arg","locations":[{"start":{"line":63,"column":118},"end":{"line":63,"column":121}}]},"7":{"loc":{"start":{"line":68,"column":19},"end":{"line":68,"column":45}},"type":"binary-expr","locations":[{"start":{"line":68,"column":19},"end":{"line":68,"column":39}},{"start":{"line":68,"column":43},"end":{"line":68,"column":45}}]},"8":{"loc":{"start":{"line":69,"column":23},"end":{"line":70,"column":79}},"type":"cond-expr","locations":[{"start":{"line":70,"column":6},"end":{"line":70,"column":75}},{"start":{"line":70,"column":78},"end":{"line":70,"column":79}}]},"9":{"loc":{"start":{"line":87,"column":20},"end":{"line":87,"column":94}},"type":"cond-expr","locations":[{"start":{"line":87,"column":49},"end":{"line":87,"column":62}},{"start":{"line":87,"column":65},"end":{"line":87,"column":94}}]},"10":{"loc":{"start":{"line":98,"column":20},"end":{"line":98,"column":94}},"type":"cond-expr","locations":[{"start":{"line":98,"column":49},"end":{"line":98,"column":62}},{"start":{"line":98,"column":65},"end":{"line":98,"column":94}}]},"11":{"loc":{"start":{"line":110,"column":23},"end":{"line":110,"column":112}},"type":"cond-expr","locations":[{"start":{"line":110,"column":57},"end":{"line":110,"column":75}},{"start":{"line":110,"column":78},"end":{"line":110,"column":112}}]},"12":{"loc":{"start":{"line":112,"column":19},"end":{"line":112,"column":101}},"type":"binary-expr","locations":[{"start":{"line":112,"column":19},"end":{"line":112,"column":45}},{"start":{"line":112,"column":49},"end":{"line":112,"column":101}}]},"13":{"loc":{"start":{"line":114,"column":18},"end":{"line":114,"column":78}},"type":"cond-expr","locations":[{"start":{"line":114,"column":47},"end":{"line":114,"column":53}},{"start":{"line":114,"column":56},"end":{"line":114,"column":78}}]},"14":{"loc":{"start":{"line":118,"column":4},"end":{"line":130,"column":5}},"type":"if","locations":[{"start":{"line":118,"column":4},"end":{"line":130,"column":5}}]},"15":{"loc":{"start":{"line":125,"column":50},"end":{"line":125,"column":102}},"type":"cond-expr","locations":[{"start":{"line":125,"column":72},"end":{"line":125,"column":97}},{"start":{"line":125,"column":100},"end":{"line":125,"column":102}}]},"16":{"loc":{"start":{"line":126,"column":30},"end":{"line":126,"column":114}},"type":"binary-expr","locations":[{"start":{"line":126,"column":30},"end":{"line":126,"column":70}},{"start":{"line":126,"column":74},"end":{"line":126,"column":114}}]},"17":{"loc":{"start":{"line":127,"column":22},"end":{"line":127,"column":72}},"type":"binary-expr","locations":[{"start":{"line":127,"column":22},"end":{"line":127,"column":45}},{"start":{"line":127,"column":49},"end":{"line":127,"column":72}}]},"18":{"loc":{"start":{"line":128,"column":22},"end":{"line":128,"column":72}},"type":"binary-expr","locations":[{"start":{"line":128,"column":22},"end":{"line":128,"column":45}},{"start":{"line":128,"column":49},"end":{"line":128,"column":72}}]},"19":{"loc":{"start":{"line":133,"column":6},"end":{"line":135,"column":7}},"type":"if","locations":[{"start":{"line":133,"column":6},"end":{"line":135,"column":7}}]},"20":{"loc":{"start":{"line":139,"column":30},"end":{"line":139,"column":75}},"type":"binary-expr","locations":[{"start":{"line":139,"column":30},"end":{"line":139,"column":69}},{"start":{"line":139,"column":73},"end":{"line":139,"column":75}}]},"21":{"loc":{"start":{"line":165,"column":62},"end":{"line":165,"column":103}},"type":"cond-expr","locations":[{"start":{"line":165,"column":93},"end":{"line":165,"column":98}},{"start":{"line":165,"column":101},"end":{"line":165,"column":103}}]},"22":{"loc":{"start":{"line":184,"column":27},"end":{"line":184,"column":63}},"type":"binary-expr","locations":[{"start":{"line":184,"column":27},"end":{"line":184,"column":58}},{"start":{"line":184,"column":62},"end":{"line":184,"column":63}}]},"23":{"loc":{"start":{"line":197,"column":22},"end":{"line":197,"column":56}},"type":"binary-expr","locations":[{"start":{"line":197,"column":22},"end":{"line":197,"column":51}},{"start":{"line":197,"column":55},"end":{"line":197,"column":56}}]},"24":{"loc":{"start":{"line":198,"column":26},"end":{"line":198,"column":64}},"type":"binary-expr","locations":[{"start":{"line":198,"column":26},"end":{"line":198,"column":59}},{"start":{"line":198,"column":63},"end":{"line":198,"column":64}}]},"25":{"loc":{"start":{"line":199,"column":21},"end":{"line":199,"column":54}},"type":"binary-expr","locations":[{"start":{"line":199,"column":21},"end":{"line":199,"column":49}},{"start":{"line":199,"column":53},"end":{"line":199,"column":54}}]},"26":{"loc":{"start":{"line":203,"column":47},"end":{"line":203,"column":81}},"type":"binary-expr","locations":[{"start":{"line":203,"column":47},"end":{"line":203,"column":76}},{"start":{"line":203,"column":80},"end":{"line":203,"column":81}}]},"27":{"loc":{"start":{"line":204,"column":55},"end":{"line":204,"column":93}},"type":"binary-expr","locations":[{"start":{"line":204,"column":55},"end":{"line":204,"column":88}},{"start":{"line":204,"column":92},"end":{"line":204,"column":93}}]},"28":{"loc":{"start":{"line":228,"column":15},"end":{"line":228,"column":37}},"type":"binary-expr","locations":[{"start":{"line":228,"column":15},"end":{"line":228,"column":28}},{"start":{"line":228,"column":32},"end":{"line":228,"column":37}}]},"29":{"loc":{"start":{"line":246,"column":4},"end":{"line":246,"column":31}},"type":"if","locations":[{"start":{"line":246,"column":4},"end":{"line":246,"column":31}}]},"30":{"loc":{"start":{"line":256,"column":25},"end":{"line":256,"column":59}},"type":"binary-expr","locations":[{"start":{"line":256,"column":25},"end":{"line":256,"column":39}},{"start":{"line":256,"column":43},"end":{"line":256,"column":59}}]},"31":{"loc":{"start":{"line":274,"column":17},"end":{"line":274,"column":51}},"type":"binary-expr","locations":[{"start":{"line":274,"column":17},"end":{"line":274,"column":31}},{"start":{"line":274,"column":35},"end":{"line":274,"column":51}}]},"32":{"loc":{"start":{"line":288,"column":17},"end":{"line":288,"column":51}},"type":"binary-expr","locations":[{"start":{"line":288,"column":17},"end":{"line":288,"column":31}},{"start":{"line":288,"column":35},"end":{"line":288,"column":51}}]},"33":{"loc":{"start":{"line":404,"column":24},"end":{"line":404,"column":74}},"type":"binary-expr","locations":[{"start":{"line":404,"column":24},"end":{"line":404,"column":69}},{"start":{"line":404,"column":73},"end":{"line":404,"column":74}}]},"34":{"loc":{"start":{"line":414,"column":24},"end":{"line":414,"column":74}},"type":"binary-expr","locations":[{"start":{"line":414,"column":24},"end":{"line":414,"column":69}},{"start":{"line":414,"column":73},"end":{"line":414,"column":74}}]},"35":{"loc":{"start":{"line":415,"column":20},"end":{"line":415,"column":53}},"type":"binary-expr","locations":[{"start":{"line":415,"column":20},"end":{"line":415,"column":48}},{"start":{"line":415,"column":52},"end":{"line":415,"column":53}}]},"36":{"loc":{"start":{"line":419,"column":6},"end":{"line":421,"column":7}},"type":"if","locations":[{"start":{"line":419,"column":6},"end":{"line":421,"column":7}}]},"37":{"loc":{"start":{"line":435,"column":24},"end":{"line":435,"column":97}},"type":"binary-expr","locations":[{"start":{"line":435,"column":24},"end":{"line":435,"column":65}},{"start":{"line":435,"column":69},"end":{"line":435,"column":97}}]},"38":{"loc":{"start":{"line":436,"column":6},"end":{"line":443,"column":7}},"type":"if","locations":[{"start":{"line":436,"column":6},"end":{"line":443,"column":7}}]},"39":{"loc":{"start":{"line":456,"column":23},"end":{"line":456,"column":57}},"type":"binary-expr","locations":[{"start":{"line":456,"column":23},"end":{"line":456,"column":52}},{"start":{"line":456,"column":56},"end":{"line":456,"column":57}}]},"40":{"loc":{"start":{"line":457,"column":25},"end":{"line":457,"column":61}},"type":"binary-expr","locations":[{"start":{"line":457,"column":25},"end":{"line":457,"column":56}},{"start":{"line":457,"column":60},"end":{"line":457,"column":61}}]},"41":{"loc":{"start":{"line":458,"column":20},"end":{"line":458,"column":50}},"type":"binary-expr","locations":[{"start":{"line":458,"column":20},"end":{"line":458,"column":45}},{"start":{"line":458,"column":49},"end":{"line":458,"column":50}}]},"42":{"loc":{"start":{"line":466,"column":23},"end":{"line":466,"column":57}},"type":"binary-expr","locations":[{"start":{"line":466,"column":23},"end":{"line":466,"column":52}},{"start":{"line":466,"column":56},"end":{"line":466,"column":57}}]},"43":{"loc":{"start":{"line":467,"column":25},"end":{"line":467,"column":61}},"type":"binary-expr","locations":[{"start":{"line":467,"column":25},"end":{"line":467,"column":56}},{"start":{"line":467,"column":60},"end":{"line":467,"column":61}}]},"44":{"loc":{"start":{"line":468,"column":20},"end":{"line":468,"column":50}},"type":"binary-expr","locations":[{"start":{"line":468,"column":20},"end":{"line":468,"column":45}},{"start":{"line":468,"column":49},"end":{"line":468,"column":50}}]},"45":{"loc":{"start":{"line":495,"column":6},"end":{"line":498,"column":7}},"type":"if","locations":[{"start":{"line":495,"column":6},"end":{"line":498,"column":7}}]},"46":{"loc":{"start":{"line":500,"column":6},"end":{"line":502,"column":7}},"type":"if","locations":[{"start":{"line":500,"column":6},"end":{"line":502,"column":7}}]},"47":{"loc":{"start":{"line":505,"column":6},"end":{"line":507,"column":7}},"type":"if","locations":[{"start":{"line":505,"column":6},"end":{"line":507,"column":7}}]},"48":{"loc":{"start":{"line":509,"column":6},"end":{"line":511,"column":7}},"type":"if","locations":[{"start":{"line":509,"column":6},"end":{"line":511,"column":7}}]},"49":{"loc":{"start":{"line":517,"column":9},"end":{"line":517,"column":61}},"type":"binary-expr","locations":[{"start":{"line":517,"column":9},"end":{"line":517,"column":33}},{"start":{"line":517,"column":37},"end":{"line":517,"column":61}}]},"50":{"loc":{"start":{"line":549,"column":28},"end":{"line":549,"column":71}},"type":"binary-expr","locations":[{"start":{"line":549,"column":28},"end":{"line":549,"column":65}},{"start":{"line":549,"column":69},"end":{"line":549,"column":71}}]},"51":{"loc":{"start":{"line":565,"column":20},"end":{"line":565,"column":53}},"type":"binary-expr","locations":[{"start":{"line":565,"column":20},"end":{"line":565,"column":48}},{"start":{"line":565,"column":52},"end":{"line":565,"column":53}}]},"52":{"loc":{"start":{"line":599,"column":28},"end":{"line":599,"column":53}},"type":"binary-expr","locations":[{"start":{"line":599,"column":28},"end":{"line":599,"column":48}},{"start":{"line":599,"column":52},"end":{"line":599,"column":53}}]},"53":{"loc":{"start":{"line":608,"column":28},"end":{"line":608,"column":53}},"type":"binary-expr","locations":[{"start":{"line":608,"column":28},"end":{"line":608,"column":48}},{"start":{"line":608,"column":52},"end":{"line":608,"column":53}}]},"54":{"loc":{"start":{"line":619,"column":2},"end":{"line":619,"column":64}},"type":"cond-expr","locations":[{"start":{"line":619,"column":17},"end":{"line":619,"column":59}},{"start":{"line":619,"column":62},"end":{"line":619,"column":64}}]},"55":{"loc":{"start":{"line":651,"column":26},"end":{"line":651,"column":71}},"type":"binary-expr","locations":[{"start":{"line":651,"column":26},"end":{"line":651,"column":63}},{"start":{"line":651,"column":67},"end":{"line":651,"column":71}}]},"56":{"loc":{"start":{"line":669,"column":20},"end":{"line":669,"column":53}},"type":"binary-expr","locations":[{"start":{"line":669,"column":20},"end":{"line":669,"column":48}},{"start":{"line":669,"column":52},"end":{"line":669,"column":53}}]}},"s":{"0":3,"1":3,"2":3,"3":3,"4":3,"5":3,"6":0,"7":0,"8":3,"9":3,"10":3,"11":3,"12":14,"13":14,"14":14,"15":14,"16":18,"17":14,"18":14,"19":14,"20":14,"21":14,"22":18,"23":14,"24":5,"25":14,"26":14,"27":14,"28":0,"29":0,"30":0,"31":0,"32":0,"33":0,"34":0,"35":0,"36":0,"37":0,"38":14,"39":14,"40":14,"41":14,"42":0,"43":0,"44":0,"45":0,"46":0,"47":0,"48":0,"49":0,"50":0,"51":0,"52":0,"53":0,"54":0,"55":0,"56":9,"57":9,"58":9,"59":9,"60":9,"61":9,"62":9,"63":9,"64":9,"65":0,"66":0,"67":0,"68":0,"69":0,"70":0,"71":0,"72":0,"73":0,"74":0,"75":0,"76":0,"77":0,"78":0,"79":0,"80":0,"81":0,"82":0,"83":0,"84":9,"85":9,"86":9,"87":9,"88":0,"89":0,"90":9,"91":0,"92":9,"93":0,"94":9,"95":0,"96":9,"97":0,"98":0,"99":0,"100":0,"101":0,"102":0,"103":0,"104":0,"105":0,"106":0,"107":0,"108":0,"109":0,"110":0,"111":0,"112":5,"113":5,"114":5,"115":5,"116":5,"117":5,"118":5,"119":5,"120":5,"121":0,"122":0,"123":0,"124":0,"125":0,"126":5,"127":5,"128":5,"129":5,"130":3,"131":3},"f":{"0":3,"1":14,"2":18,"3":14,"4":18,"5":0,"6":0,"7":0,"8":0,"9":9,"10":0,"11":5},"b":{"0":[0],"1":[3,0],"2":[3,0],"3":[3],"4":[9],"5":[9],"6":[9],"7":[14,0],"8":[9,5],"9":[5,9],"10":[5,9],"11":[5,9],"12":[14,9],"13":[5,9],"14":[5],"15":[0,5],"16":[5,5],"17":[5,5],"18":[5,0],"19":[14],"20":[0,0],"21":[0,0],"22":[0,0],"23":[0,0],"24":[0,0],"25":[0,0],"26":[0,0],"27":[0,0],"28":[14,0],"29":[0],"30":[0,0],"31":[0,0],"32":[0,0],"33":[0,0],"34":[0,0],"35":[0,0],"36":[0],"37":[0,0],"38":[0],"39":[0,0],"40":[0,0],"41":[0,0],"42":[0,0],"43":[0,0],"44":[0,0],"45":[0],"46":[0],"47":[0],"48":[0],"49":[9,0],"50":[0,0],"51":[0,0],"52":[5,1],"53":[5,1],"54":[4,1],"55":[0,0],"56":[0,0]}}
,"/Users/tim/smartmymeal/CascadeProjects/templator/backend/src/utils/logger.ts": {"path":"/Users/tim/smartmymeal/CascadeProjects/templator/backend/src/utils/logger.ts","statementMap":{"0":{"start":{"line":1,"column":0},"end":{"line":1,"column":30}},"1":{"start":{"line":3,"column":28},"end":{"line":34,"column":1}},"2":{"start":{"line":4,"column":17},"end":{"line":20,"column":4}},"3":{"start":{"line":23,"column":2},"end":{"line":31,"column":3}},"4":{"start":{"line":24,"column":4},"end":{"line":27,"column":8}},"5":{"start":{"line":28,"column":4},"end":{"line":30,"column":8}},"6":{"start":{"line":33,"column":2},"end":{"line":33,"column":16}},"7":{"start":{"line":3,"column":13},"end":{"line":3,"column":28}}},"fnMap":{"0":{"name":"(anonymous_1)","decl":{"start":{"line":3,"column":28},"end":{"line":3,"column":31}},"loc":{"start":{"line":3,"column":33},"end":{"line":34,"column":1}}}},"branchMap":{"0":{"loc":{"start":{"line":5,"column":11},"end":{"line":5,"column":42}},"type":"binary-expr","locations":[{"start":{"line":5,"column":11},"end":{"line":5,"column":32}},{"start":{"line":5,"column":36},"end":{"line":5,"column":42}}]},"1":{"loc":{"start":{"line":23,"column":2},"end":{"line":31,"column":3}},"type":"if","locations":[{"start":{"line":23,"column":2},"end":{"line":31,"column":3}}]}},"s":{"0":4,"1":4,"2":33,"3":33,"4":0,"5":0,"6":33,"7":4},"f":{"0":33},"b":{"0":[33,0],"1":[0]}}
}
