{"numFailedTestSuites":1,"numFailedTests":0,"numPassedTestSuites":0,"numPassedTests":0,"numPendingTestSuites":0,"numPendingTests":0,"numRuntimeErrorTestSuites":1,"numTodoTests":0,"numTotalTestSuites":1,"numTotalTests":0,"openHandles":[],"snapshot":{"added":0,"didUpdate":false,"failure":false,"filesAdded":0,"filesRemoved":0,"filesRemovedList":[],"filesUnmatched":0,"filesUpdated":0,"matched":0,"total":0,"unchecked":0,"uncheckedKeysByFile":[],"unmatched":0,"updated":0},"startTime":1753648248922,"success":false,"testResults":[{"assertionResults":[],"coverage":{},"endTime":1753648250436,"message":"  ‚óè Test suite failed to run\n\n    \u001b[96msrc/routes/layoutSplittingRoutes.ts\u001b[0m:\u001b[93m88\u001b[0m:\u001b[93m39\u001b[0m - \u001b[91merror\u001b[0m\u001b[90m TS2345: \u001b[0mArgument of type 'ZodObject<{ html: ZodString; options: ZodOptional<ZodObject<{ maxSectionSize: ZodOptional<ZodNumber>; minSectionSize: ZodOptional<ZodNumber>; preserveStructure: ZodOptional<...>; detectComponents: ZodOptional<...>; splitStrategy: ZodOptional<...>; maxSections: ZodOptional<...>; }, \"strip\", ZodTypeAny, { ...; }, { .....' is not assignable to parameter of type 'ObjectSchema<any>'.\n      Type 'ZodObject<{ html: ZodString; options: ZodOptional<ZodObject<{ maxSectionSize: ZodOptional<ZodNumber>; minSectionSize: ZodOptional<ZodNumber>; preserveStructure: ZodOptional<...>; detectComponents: ZodOptional<...>; splitStrategy: ZodOptional<...>; maxSections: ZodOptional<...>; }, \"strip\", ZodTypeAny, { ...; }, { .....' is missing the following properties from type 'ObjectSchema<any>': append, assert, instance, keys, and 79 more.\n\n    \u001b[7m88\u001b[0m router.post('/split', validateRequest(splitLayoutSchema), async (req, res, next) => {\n    \u001b[7m  \u001b[0m \u001b[91m                                      ~~~~~~~~~~~~~~~~~\u001b[0m\n    \u001b[96msrc/routes/layoutSplittingRoutes.ts\u001b[0m:\u001b[93m121\u001b[0m:\u001b[93m41\u001b[0m - \u001b[91merror\u001b[0m\u001b[90m TS2345: \u001b[0mArgument of type 'ZodObject<{ html: ZodString; splittingOptions: ZodOptional<ZodObject<{ maxSectionSize: ZodOptional<ZodNumber>; minSectionSize: ZodOptional<ZodNumber>; preserveStructure: ZodOptional<...>; detectComponents: ZodOptional<...>; splitStrategy: ZodOptional<...>; maxSections: ZodOptional<...>; }, \"strip\", ZodTypeAny, { ......' is not assignable to parameter of type 'ObjectSchema<any>'.\n      Type 'ZodObject<{ html: ZodString; splittingOptions: ZodOptional<ZodObject<{ maxSectionSize: ZodOptional<ZodNumber>; minSectionSize: ZodOptional<ZodNumber>; preserveStructure: ZodOptional<...>; detectComponents: ZodOptional<...>; splitStrategy: ZodOptional<...>; maxSections: ZodOptional<...>; }, \"strip\", ZodTypeAny, { ......' is missing the following properties from type 'ObjectSchema<any>': append, assert, instance, keys, and 79 more.\n\n    \u001b[7m121\u001b[0m router.post('/process', validateRequest(processLayoutSchema), async (req, res, next) => {\n    \u001b[7m   \u001b[0m \u001b[91m                                        ~~~~~~~~~~~~~~~~~~~\u001b[0m\n    \u001b[96msrc/routes/layoutSplittingRoutes.ts\u001b[0m:\u001b[93m170\u001b[0m:\u001b[93m50\u001b[0m - \u001b[91merror\u001b[0m\u001b[90m TS2345: \u001b[0mArgument of type 'ZodObject<{ sections: ZodArray<ZodObject<{ id: ZodString; type: ZodEnum<[\"header\", \"hero\", \"content\", \"sidebar\", \"footer\", \"navigation\", \"feature\", \"testimonial\", \"contact\", \"gallery\", \"unknown\"]>; ... 6 more ...; priority: ZodNumber; }, \"strip\", ZodTypeAny, { ...; }, { ...; }>, \"many\">; ... 4 more ...; processingOp...' is not assignable to parameter of type 'ObjectSchema<any>'.\n      Type 'ZodObject<{ sections: ZodArray<ZodObject<{ id: ZodString; type: ZodEnum<[\"header\", \"hero\", \"content\", \"sidebar\", \"footer\", \"navigation\", \"feature\", \"testimonial\", \"contact\", \"gallery\", \"unknown\"]>; ... 6 more ...; priority: ZodNumber; }, \"strip\", ZodTypeAny, { ...; }, { ...; }>, \"many\">; ... 4 more ...; processingOp...' is missing the following properties from type 'ObjectSchema<any>': append, assert, instance, keys, and 79 more.\n\n    \u001b[7m170\u001b[0m router.post('/process-sections', validateRequest(processSectionsSchema), async (req, res, next) => {\n    \u001b[7m   \u001b[0m \u001b[91m                                                 ~~~~~~~~~~~~~~~~~~~~~\u001b[0m\n    \u001b[96msrc/routes/layoutSplittingRoutes.ts\u001b[0m:\u001b[93m215\u001b[0m:\u001b[93m9\u001b[0m - \u001b[91merror\u001b[0m\u001b[90m TS2345: \u001b[0mArgument of type '\"INVALID_SIZE\"' is not assignable to parameter of type '\"INPUT_INVALID\" | \"FIELD_MAPPING_EMPTY\" | \"EXPORT_FAILED\" | \"PREVIEW_RENDER_ERROR\" | \"INTERNAL_ERROR\" | undefined'.\n\n    \u001b[7m215\u001b[0m         'INVALID_SIZE',\n    \u001b[7m   \u001b[0m \u001b[91m        ~~~~~~~~~~~~~~\u001b[0m\n    \u001b[96msrc/routes/layoutSplittingRoutes.ts\u001b[0m:\u001b[93m297\u001b[0m:\u001b[93m9\u001b[0m - \u001b[91merror\u001b[0m\u001b[90m TS2345: \u001b[0mArgument of type '\"BATCH_NOT_FOUND\"' is not assignable to parameter of type '\"INPUT_INVALID\" | \"FIELD_MAPPING_EMPTY\" | \"EXPORT_FAILED\" | \"PREVIEW_RENDER_ERROR\" | \"INTERNAL_ERROR\" | undefined'.\n\n    \u001b[7m297\u001b[0m         'BATCH_NOT_FOUND',\n    \u001b[7m   \u001b[0m \u001b[91m        ~~~~~~~~~~~~~~~~~\u001b[0m\n","name":"/Users/tim/smartmymeal/CascadeProjects/templator/backend/src/__tests__/comprehensive-e2e.test.ts","startTime":1753648250436,"status":"failed","summary":""}],"wasInterrupted":false}
